--------------------------------------------------------------------------------
Release 14.4 Trace  (nt64)
Copyright (c) 1995-2012 Xilinx, Inc.  All rights reserved.

C:\Xilinx\14.4\ISE_DS\ISE\bin\nt64\unwrapped\trce.exe -intstyle ise -v 3 -s 2L
-n 3 -fastpaths -xml Framework.twx Framework.ncd -o Framework.twr Framework.pcf
-ucf k7.ucf

Design file:              Framework.ncd
Physical constraint file: Framework.pcf
Device,package,speed:     xc7k160t,ffg676,C,-2L (PRODUCTION 1.08 2012-12-17)
Report level:             verbose report

Environment Variable      Effect 
--------------------      ------ 
NONE                      No environment variables were set
--------------------------------------------------------------------------------

INFO:Timing:3412 - To improve timing, see the Timing Closure User Guide (UG612).
INFO:Timing:2752 - To get complete path coverage, use the unconstrained paths 
   option. All paths that are not constrained will be reported in the 
   unconstrained paths section(s) of the report.
INFO:Timing:3339 - The clock-to-out numbers in this timing report are based on 
   a 50 Ohm transmission line loading model.  For the details of this model, 
   and for more information on accounting for different loading conditions, 
   please see the device datasheet.

================================================================================
Timing constraint: TS_CLK_100M = PERIOD TIMEGRP "TM_CLK" 10 ns HIGH 50%;
For more information, see Period Analysis in the Timing Closure User Guide (UG612).

 5096 paths analyzed, 494 endpoints analyzed, 0 failing endpoints
 0 timing errors detected. (0 setup errors, 0 hold errors, 0 component switching limit errors)
 Minimum period is   3.437ns.
--------------------------------------------------------------------------------

Paths for end point XLXI_2/CR (SLICE_X44Y47.CE), 16 paths
--------------------------------------------------------------------------------
Slack (setup path):     6.563ns (requirement - (data path - clock path skew + uncertainty))
  Source:               XLXI_2/sw_temp_1 (FF)
  Destination:          XLXI_2/CR (FF)
  Requirement:          10.000ns
  Data Path Delay:      3.405ns (Levels of Logic = 3)
  Clock Path Skew:      0.003ns (1.167 - 1.164)
  Source Clock:         clk_100mhz_BUFGP rising at 0.000ns
  Destination Clock:    clk_100mhz_BUFGP rising at 10.000ns
  Clock Uncertainty:    0.035ns

  Clock Uncertainty:          0.035ns  ((TSJ^2 + TIJ^2)^1/2 + DJ) / 2 + PE
    Total System Jitter (TSJ):  0.070ns
    Total Input Jitter (TIJ):   0.000ns
    Discrete Jitter (DJ):       0.000ns
    Phase Error (PE):           0.000ns

  Maximum Data Path at Slow Process Corner: XLXI_2/sw_temp_1 to XLXI_2/CR
    Location             Delay type         Delay(ns)  Physical Resource
                                                       Logical Resource(s)
    -------------------------------------------------  -------------------
    SLICE_X93Y59.DQ      Tcko                  0.223   XLXI_2/sw_temp<1>
                                                       XLXI_2/sw_temp_1
    SLICE_X92Y54.A1      net (fanout=1)        0.591   XLXI_2/sw_temp<1>
    SLICE_X92Y54.COUT    Topcya                0.289   XLXI_2/Mcompar_sw_temp[15]_SW[15]_not_equal_100_o_cy<3>
                                                       XLXI_2/Mcompar_sw_temp[15]_SW[15]_not_equal_100_o_lut<0>
                                                       XLXI_2/Mcompar_sw_temp[15]_SW[15]_not_equal_100_o_cy<3>
    SLICE_X92Y55.CIN     net (fanout=1)        0.000   XLXI_2/Mcompar_sw_temp[15]_SW[15]_not_equal_100_o_cy<3>
    SLICE_X92Y55.BMUX    Tcinb                 0.157   XLXI_2/RSTN_temp_sw_temp[15]_OR_54_o
                                                       XLXI_2/RSTN_temp_sw_temp[15]_OR_54_o1_cy
    SLICE_X91Y51.A5      net (fanout=42)       0.378   XLXI_2/sw_temp[15]_SW[15]_not_equal_100_o
    SLICE_X91Y51.A       Tilo                  0.043   XLXI_2/_n0243_inv1_cepot_cepot
                                                       XLXI_2/_n0243_inv1_cepot_cepot_INV_0
    SLICE_X44Y47.CE      net (fanout=6)        1.546   XLXI_2/_n0243_inv1_cepot_cepot
    SLICE_X44Y47.CLK     Tceck                 0.178   CR_OBUF
                                                       XLXI_2/CR
    -------------------------------------------------  ---------------------------
    Total                                      3.405ns (0.890ns logic, 2.515ns route)
                                                       (26.1% logic, 73.9% route)

--------------------------------------------------------------------------------
Slack (setup path):     6.607ns (requirement - (data path - clock path skew + uncertainty))
  Source:               XLXI_2/sw_temp_3 (FF)
  Destination:          XLXI_2/CR (FF)
  Requirement:          10.000ns
  Data Path Delay:      3.360ns (Levels of Logic = 3)
  Clock Path Skew:      0.002ns (1.167 - 1.165)
  Source Clock:         clk_100mhz_BUFGP rising at 0.000ns
  Destination Clock:    clk_100mhz_BUFGP rising at 10.000ns
  Clock Uncertainty:    0.035ns

  Clock Uncertainty:          0.035ns  ((TSJ^2 + TIJ^2)^1/2 + DJ) / 2 + PE
    Total System Jitter (TSJ):  0.070ns
    Total Input Jitter (TIJ):   0.000ns
    Discrete Jitter (DJ):       0.000ns
    Phase Error (PE):           0.000ns

  Maximum Data Path at Slow Process Corner: XLXI_2/sw_temp_3 to XLXI_2/CR
    Location             Delay type         Delay(ns)  Physical Resource
                                                       Logical Resource(s)
    -------------------------------------------------  -------------------
    SLICE_X93Y57.DQ      Tcko                  0.223   XLXI_2/sw_temp<3>
                                                       XLXI_2/sw_temp_3
    SLICE_X92Y54.B1      net (fanout=1)        0.536   XLXI_2/sw_temp<3>
    SLICE_X92Y54.COUT    Topcyb                0.299   XLXI_2/Mcompar_sw_temp[15]_SW[15]_not_equal_100_o_cy<3>
                                                       XLXI_2/Mcompar_sw_temp[15]_SW[15]_not_equal_100_o_lut<1>
                                                       XLXI_2/Mcompar_sw_temp[15]_SW[15]_not_equal_100_o_cy<3>
    SLICE_X92Y55.CIN     net (fanout=1)        0.000   XLXI_2/Mcompar_sw_temp[15]_SW[15]_not_equal_100_o_cy<3>
    SLICE_X92Y55.BMUX    Tcinb                 0.157   XLXI_2/RSTN_temp_sw_temp[15]_OR_54_o
                                                       XLXI_2/RSTN_temp_sw_temp[15]_OR_54_o1_cy
    SLICE_X91Y51.A5      net (fanout=42)       0.378   XLXI_2/sw_temp[15]_SW[15]_not_equal_100_o
    SLICE_X91Y51.A       Tilo                  0.043   XLXI_2/_n0243_inv1_cepot_cepot
                                                       XLXI_2/_n0243_inv1_cepot_cepot_INV_0
    SLICE_X44Y47.CE      net (fanout=6)        1.546   XLXI_2/_n0243_inv1_cepot_cepot
    SLICE_X44Y47.CLK     Tceck                 0.178   CR_OBUF
                                                       XLXI_2/CR
    -------------------------------------------------  ---------------------------
    Total                                      3.360ns (0.900ns logic, 2.460ns route)
                                                       (26.8% logic, 73.2% route)

--------------------------------------------------------------------------------
Slack (setup path):     6.625ns (requirement - (data path - clock path skew + uncertainty))
  Source:               XLXI_2/sw_temp_2 (FF)
  Destination:          XLXI_2/CR (FF)
  Requirement:          10.000ns
  Data Path Delay:      3.342ns (Levels of Logic = 3)
  Clock Path Skew:      0.002ns (1.167 - 1.165)
  Source Clock:         clk_100mhz_BUFGP rising at 0.000ns
  Destination Clock:    clk_100mhz_BUFGP rising at 10.000ns
  Clock Uncertainty:    0.035ns

  Clock Uncertainty:          0.035ns  ((TSJ^2 + TIJ^2)^1/2 + DJ) / 2 + PE
    Total System Jitter (TSJ):  0.070ns
    Total Input Jitter (TIJ):   0.000ns
    Discrete Jitter (DJ):       0.000ns
    Phase Error (PE):           0.000ns

  Maximum Data Path at Slow Process Corner: XLXI_2/sw_temp_2 to XLXI_2/CR
    Location             Delay type         Delay(ns)  Physical Resource
                                                       Logical Resource(s)
    -------------------------------------------------  -------------------
    SLICE_X93Y57.BQ      Tcko                  0.223   XLXI_2/sw_temp<3>
                                                       XLXI_2/sw_temp_2
    SLICE_X92Y54.A2      net (fanout=1)        0.528   XLXI_2/sw_temp<2>
    SLICE_X92Y54.COUT    Topcya                0.289   XLXI_2/Mcompar_sw_temp[15]_SW[15]_not_equal_100_o_cy<3>
                                                       XLXI_2/Mcompar_sw_temp[15]_SW[15]_not_equal_100_o_lut<0>
                                                       XLXI_2/Mcompar_sw_temp[15]_SW[15]_not_equal_100_o_cy<3>
    SLICE_X92Y55.CIN     net (fanout=1)        0.000   XLXI_2/Mcompar_sw_temp[15]_SW[15]_not_equal_100_o_cy<3>
    SLICE_X92Y55.BMUX    Tcinb                 0.157   XLXI_2/RSTN_temp_sw_temp[15]_OR_54_o
                                                       XLXI_2/RSTN_temp_sw_temp[15]_OR_54_o1_cy
    SLICE_X91Y51.A5      net (fanout=42)       0.378   XLXI_2/sw_temp[15]_SW[15]_not_equal_100_o
    SLICE_X91Y51.A       Tilo                  0.043   XLXI_2/_n0243_inv1_cepot_cepot
                                                       XLXI_2/_n0243_inv1_cepot_cepot_INV_0
    SLICE_X44Y47.CE      net (fanout=6)        1.546   XLXI_2/_n0243_inv1_cepot_cepot
    SLICE_X44Y47.CLK     Tceck                 0.178   CR_OBUF
                                                       XLXI_2/CR
    -------------------------------------------------  ---------------------------
    Total                                      3.342ns (0.890ns logic, 2.452ns route)
                                                       (26.6% logic, 73.4% route)

--------------------------------------------------------------------------------

Paths for end point XLXI_2/CR (SLICE_X44Y47.B1), 23 paths
--------------------------------------------------------------------------------
Slack (setup path):     6.649ns (requirement - (data path - clock path skew + uncertainty))
  Source:               XLXI_2/counter1_16 (FF)
  Destination:          XLXI_2/CR (FF)
  Requirement:          10.000ns
  Data Path Delay:      3.148ns (Levels of Logic = 3)
  Clock Path Skew:      -0.168ns (0.997 - 1.165)
  Source Clock:         clk_100mhz_BUFGP rising at 0.000ns
  Destination Clock:    clk_100mhz_BUFGP rising at 10.000ns
  Clock Uncertainty:    0.035ns

  Clock Uncertainty:          0.035ns  ((TSJ^2 + TIJ^2)^1/2 + DJ) / 2 + PE
    Total System Jitter (TSJ):  0.070ns
    Total Input Jitter (TIJ):   0.000ns
    Discrete Jitter (DJ):       0.000ns
    Phase Error (PE):           0.000ns

  Maximum Data Path at Slow Process Corner: XLXI_2/counter1_16 to XLXI_2/CR
    Location             Delay type         Delay(ns)  Physical Resource
                                                       Logical Resource(s)
    -------------------------------------------------  -------------------
    SLICE_X92Y43.AQ      Tcko                  0.259   XLXI_2/counter1<19>
                                                       XLXI_2/counter1_16
    SLICE_X93Y41.B2      net (fanout=2)        0.562   XLXI_2/counter1<16>
    SLICE_X93Y41.COUT    Topcyb                0.310   XLXI_2/Mcompar_counter1[31]_GND_1_o_LessThan_102_o_cy<3>
                                                       XLXI_2/Mcompar_counter1[31]_GND_1_o_LessThan_102_o_lut<1>
                                                       XLXI_2/Mcompar_counter1[31]_GND_1_o_LessThan_102_o_cy<3>
    SLICE_X93Y42.CIN     net (fanout=1)        0.000   XLXI_2/Mcompar_counter1[31]_GND_1_o_LessThan_102_o_cy<3>
    SLICE_X93Y42.AMUX    Tcina                 0.227   XLXI_2/counter1<12>
                                                       XLXI_2/Mcompar_counter1[31]_GND_1_o_LessThan_102_o_cy<4>_inv1_cy
    SLICE_X44Y47.B1      net (fanout=70)       1.812   XLXI_2/Mcompar_counter1[31]_GND_1_o_LessThan_102_o_cy<4>
    SLICE_X44Y47.CLK     Tas                  -0.022   CR_OBUF
                                                       XLXI_2/CR_dpot1
                                                       XLXI_2/CR
    -------------------------------------------------  ---------------------------
    Total                                      3.148ns (0.774ns logic, 2.374ns route)
                                                       (24.6% logic, 75.4% route)

--------------------------------------------------------------------------------
Slack (setup path):     6.687ns (requirement - (data path - clock path skew + uncertainty))
  Source:               XLXI_2/counter1_16 (FF)
  Destination:          XLXI_2/CR (FF)
  Requirement:          10.000ns
  Data Path Delay:      3.110ns (Levels of Logic = 3)
  Clock Path Skew:      -0.168ns (0.997 - 1.165)
  Source Clock:         clk_100mhz_BUFGP rising at 0.000ns
  Destination Clock:    clk_100mhz_BUFGP rising at 10.000ns
  Clock Uncertainty:    0.035ns

  Clock Uncertainty:          0.035ns  ((TSJ^2 + TIJ^2)^1/2 + DJ) / 2 + PE
    Total System Jitter (TSJ):  0.070ns
    Total Input Jitter (TIJ):   0.000ns
    Discrete Jitter (DJ):       0.000ns
    Phase Error (PE):           0.000ns

  Maximum Data Path at Slow Process Corner: XLXI_2/counter1_16 to XLXI_2/CR
    Location             Delay type         Delay(ns)  Physical Resource
                                                       Logical Resource(s)
    -------------------------------------------------  -------------------
    SLICE_X92Y43.AQ      Tcko                  0.259   XLXI_2/counter1<19>
                                                       XLXI_2/counter1_16
    SLICE_X93Y41.B2      net (fanout=2)        0.562   XLXI_2/counter1<16>
    SLICE_X93Y41.COUT    Topcyb                0.272   XLXI_2/Mcompar_counter1[31]_GND_1_o_LessThan_102_o_cy<3>
                                                       XLXI_2/Mcompar_counter1[31]_GND_1_o_LessThan_102_o_lutdi1
                                                       XLXI_2/Mcompar_counter1[31]_GND_1_o_LessThan_102_o_cy<3>
    SLICE_X93Y42.CIN     net (fanout=1)        0.000   XLXI_2/Mcompar_counter1[31]_GND_1_o_LessThan_102_o_cy<3>
    SLICE_X93Y42.AMUX    Tcina                 0.227   XLXI_2/counter1<12>
                                                       XLXI_2/Mcompar_counter1[31]_GND_1_o_LessThan_102_o_cy<4>_inv1_cy
    SLICE_X44Y47.B1      net (fanout=70)       1.812   XLXI_2/Mcompar_counter1[31]_GND_1_o_LessThan_102_o_cy<4>
    SLICE_X44Y47.CLK     Tas                  -0.022   CR_OBUF
                                                       XLXI_2/CR_dpot1
                                                       XLXI_2/CR
    -------------------------------------------------  ---------------------------
    Total                                      3.110ns (0.736ns logic, 2.374ns route)
                                                       (23.7% logic, 76.3% route)

--------------------------------------------------------------------------------
Slack (setup path):     6.747ns (requirement - (data path - clock path skew + uncertainty))
  Source:               XLXI_2/counter1_20 (FF)
  Destination:          XLXI_2/CR (FF)
  Requirement:          10.000ns
  Data Path Delay:      3.049ns (Levels of Logic = 3)
  Clock Path Skew:      -0.169ns (0.997 - 1.166)
  Source Clock:         clk_100mhz_BUFGP rising at 0.000ns
  Destination Clock:    clk_100mhz_BUFGP rising at 10.000ns
  Clock Uncertainty:    0.035ns

  Clock Uncertainty:          0.035ns  ((TSJ^2 + TIJ^2)^1/2 + DJ) / 2 + PE
    Total System Jitter (TSJ):  0.070ns
    Total Input Jitter (TIJ):   0.000ns
    Discrete Jitter (DJ):       0.000ns
    Phase Error (PE):           0.000ns

  Maximum Data Path at Slow Process Corner: XLXI_2/counter1_20 to XLXI_2/CR
    Location             Delay type         Delay(ns)  Physical Resource
                                                       Logical Resource(s)
    -------------------------------------------------  -------------------
    SLICE_X92Y44.AQ      Tcko                  0.259   XLXI_2/counter1<20>
                                                       XLXI_2/counter1_20
    SLICE_X93Y41.C2      net (fanout=2)        0.535   XLXI_2/counter1<20>
    SLICE_X93Y41.COUT    Topcyc                0.238   XLXI_2/Mcompar_counter1[31]_GND_1_o_LessThan_102_o_cy<3>
                                                       XLXI_2/Mcompar_counter1[31]_GND_1_o_LessThan_102_o_lut<2>
                                                       XLXI_2/Mcompar_counter1[31]_GND_1_o_LessThan_102_o_cy<3>
    SLICE_X93Y42.CIN     net (fanout=1)        0.000   XLXI_2/Mcompar_counter1[31]_GND_1_o_LessThan_102_o_cy<3>
    SLICE_X93Y42.AMUX    Tcina                 0.227   XLXI_2/counter1<12>
                                                       XLXI_2/Mcompar_counter1[31]_GND_1_o_LessThan_102_o_cy<4>_inv1_cy
    SLICE_X44Y47.B1      net (fanout=70)       1.812   XLXI_2/Mcompar_counter1[31]_GND_1_o_LessThan_102_o_cy<4>
    SLICE_X44Y47.CLK     Tas                  -0.022   CR_OBUF
                                                       XLXI_2/CR_dpot1
                                                       XLXI_2/CR
    -------------------------------------------------  ---------------------------
    Total                                      3.049ns (0.702ns logic, 2.347ns route)
                                                       (23.0% logic, 77.0% route)

--------------------------------------------------------------------------------

Paths for end point XLXI_2/CR (SLICE_X44Y47.B2), 1 path
--------------------------------------------------------------------------------
Slack (setup path):     6.719ns (requirement - (data path - clock path skew + uncertainty))
  Source:               XLXI_2/RSTN_temp (FF)
  Destination:          XLXI_2/CR (FF)
  Requirement:          10.000ns
  Data Path Delay:      3.087ns (Levels of Logic = 2)
  Clock Path Skew:      -0.159ns (0.997 - 1.156)
  Source Clock:         clk_100mhz_BUFGP rising at 0.000ns
  Destination Clock:    clk_100mhz_BUFGP rising at 10.000ns
  Clock Uncertainty:    0.035ns

  Clock Uncertainty:          0.035ns  ((TSJ^2 + TIJ^2)^1/2 + DJ) / 2 + PE
    Total System Jitter (TSJ):  0.070ns
    Total Input Jitter (TIJ):   0.000ns
    Discrete Jitter (DJ):       0.000ns
    Phase Error (PE):           0.000ns

  Maximum Data Path at Slow Process Corner: XLXI_2/RSTN_temp to XLXI_2/CR
    Location             Delay type         Delay(ns)  Physical Resource
                                                       Logical Resource(s)
    -------------------------------------------------  -------------------
    SLICE_X98Y31.BQ      Tcko                  0.259   XLXI_2/RSTN_temp
                                                       XLXI_2/RSTN_temp
    SLICE_X88Y54.B4      net (fanout=55)       1.172   XLXI_2/RSTN_temp
    SLICE_X88Y54.B       Tilo                  0.043   SW_OK<2>
                                                       XLXI_2/_n0243_inv1_cepot_rstpot
    SLICE_X44Y47.B2      net (fanout=17)       1.635   XLXI_2/_n0243_inv1_cepot_rstpot
    SLICE_X44Y47.CLK     Tas                  -0.022   CR_OBUF
                                                       XLXI_2/CR_dpot1
                                                       XLXI_2/CR
    -------------------------------------------------  ---------------------------
    Total                                      3.087ns (0.280ns logic, 2.807ns route)
                                                       (9.1% logic, 90.9% route)

--------------------------------------------------------------------------------

Hold Paths: TS_CLK_100M = PERIOD TIMEGRP "TM_CLK" 10 ns HIGH 50%;
--------------------------------------------------------------------------------

Paths for end point XLXI_6/P7SEG/S_0 (SLICE_X41Y71.A6), 1 path
--------------------------------------------------------------------------------
Slack (hold path):      0.149ns (requirement - (clock path skew + uncertainty - data path))
  Source:               XLXI_6/P7SEG/S_0_1 (FF)
  Destination:          XLXI_6/P7SEG/S_0 (FF)
  Requirement:          0.000ns
  Data Path Delay:      0.149ns (Levels of Logic = 1)
  Clock Path Skew:      0.000ns
  Source Clock:         clk_100mhz_BUFGP rising at 10.000ns
  Destination Clock:    clk_100mhz_BUFGP rising at 10.000ns
  Clock Uncertainty:    0.000ns

  Minimum Data Path at Fast Process Corner: XLXI_6/P7SEG/S_0_1 to XLXI_6/P7SEG/S_0
    Location             Delay type         Delay(ns)  Physical Resource
                                                       Logical Resource(s)
    -------------------------------------------------  -------------------
    SLICE_X41Y71.AMUX    Tshcko                0.129   XLXI_6/P7SEG/state_FSM_FFd1
                                                       XLXI_6/P7SEG/S_0_1
    SLICE_X41Y71.A6      net (fanout=1)        0.052   XLXI_6/P7SEG/S_0_1
    SLICE_X41Y71.CLK     Tah         (-Th)     0.032   XLXI_6/P7SEG/state_FSM_FFd1
                                                       XLXI_6/P7SEG/state[1]_PWR_13_o_select_17_OUT<0>1
                                                       XLXI_6/P7SEG/S_0
    -------------------------------------------------  ---------------------------
    Total                                      0.149ns (0.097ns logic, 0.052ns route)
                                                       (65.1% logic, 34.9% route)

--------------------------------------------------------------------------------

Paths for end point XLXI_6/P7SEG/EN (SLICE_X40Y71.A6), 1 path
--------------------------------------------------------------------------------
Slack (hold path):      0.153ns (requirement - (clock path skew + uncertainty - data path))
  Source:               XLXI_6/P7SEG/Go_0 (FF)
  Destination:          XLXI_6/P7SEG/EN (FF)
  Requirement:          0.000ns
  Data Path Delay:      0.153ns (Levels of Logic = 1)
  Clock Path Skew:      0.000ns
  Source Clock:         clk_100mhz_BUFGP rising at 10.000ns
  Destination Clock:    clk_100mhz_BUFGP rising at 10.000ns
  Clock Uncertainty:    0.000ns

  Minimum Data Path at Fast Process Corner: XLXI_6/P7SEG/Go_0 to XLXI_6/P7SEG/EN
    Location             Delay type         Delay(ns)  Physical Resource
                                                       Logical Resource(s)
    -------------------------------------------------  -------------------
    SLICE_X40Y71.AMUX    Tshcko                0.143   SEGEN_OBUF
                                                       XLXI_6/P7SEG/Go_0
    SLICE_X40Y71.A6      net (fanout=5)        0.069   XLXI_6/P7SEG/Go<0>
    SLICE_X40Y71.CLK     Tah         (-Th)     0.059   SEGEN_OBUF
                                                       XLXI_6/P7SEG/state[1]_Go[1]_Select_16_o1
                                                       XLXI_6/P7SEG/EN
    -------------------------------------------------  ---------------------------
    Total                                      0.153ns (0.084ns logic, 0.069ns route)
                                                       (54.9% logic, 45.1% route)

--------------------------------------------------------------------------------

Paths for end point XLXI_6/P7SEG/EN (SLICE_X40Y71.A5), 1 path
--------------------------------------------------------------------------------
Slack (hold path):      0.179ns (requirement - (clock path skew + uncertainty - data path))
  Source:               XLXI_6/P7SEG/state_FSM_FFd1 (FF)
  Destination:          XLXI_6/P7SEG/EN (FF)
  Requirement:          0.000ns
  Data Path Delay:      0.190ns (Levels of Logic = 1)
  Clock Path Skew:      0.011ns (0.063 - 0.052)
  Source Clock:         clk_100mhz_BUFGP rising at 10.000ns
  Destination Clock:    clk_100mhz_BUFGP rising at 10.000ns
  Clock Uncertainty:    0.000ns

  Minimum Data Path at Fast Process Corner: XLXI_6/P7SEG/state_FSM_FFd1 to XLXI_6/P7SEG/EN
    Location             Delay type         Delay(ns)  Physical Resource
                                                       Logical Resource(s)
    -------------------------------------------------  -------------------
    SLICE_X41Y71.CQ      Tcko                  0.100   XLXI_6/P7SEG/state_FSM_FFd1
                                                       XLXI_6/P7SEG/state_FSM_FFd1
    SLICE_X40Y71.A5      net (fanout=5)        0.149   XLXI_6/P7SEG/state_FSM_FFd1
    SLICE_X40Y71.CLK     Tah         (-Th)     0.059   SEGEN_OBUF
                                                       XLXI_6/P7SEG/state[1]_Go[1]_Select_16_o1
                                                       XLXI_6/P7SEG/EN
    -------------------------------------------------  ---------------------------
    Total                                      0.190ns (0.041ns logic, 0.149ns route)
                                                       (21.6% logic, 78.4% route)

--------------------------------------------------------------------------------

Component Switching Limit Checks: TS_CLK_100M = PERIOD TIMEGRP "TM_CLK" 10 ns HIGH 50%;
--------------------------------------------------------------------------------
Slack: 8.161ns (period - min period limit)
  Period: 10.000ns
  Min period limit: 1.839ns (543.774MHz) (Trper_CLKA)
  Physical resource: XLXI_13/U0/xst_blk_mem_generator/gnativebmg.native_blk_mem_gen/valid.cstr/ramloop[0].ram.r/v6_init.ram/NO_BMM_INFO.SP.SIMPLE_PRIM36.ram/CLKARDCLKL
  Logical resource: XLXI_13/U0/xst_blk_mem_generator/gnativebmg.native_blk_mem_gen/valid.cstr/ramloop[0].ram.r/v6_init.ram/NO_BMM_INFO.SP.SIMPLE_PRIM36.ram/CLKARDCLKL
  Location pin: RAMB36_X2Y8.CLKARDCLKL
  Clock network: clk_100mhz_BUFGP
--------------------------------------------------------------------------------
Slack: 8.161ns (period - min period limit)
  Period: 10.000ns
  Min period limit: 1.839ns (543.774MHz) (Trper_CLKA)
  Physical resource: XLXI_13/U0/xst_blk_mem_generator/gnativebmg.native_blk_mem_gen/valid.cstr/ramloop[0].ram.r/v6_init.ram/NO_BMM_INFO.SP.SIMPLE_PRIM36.ram/CLKARDCLKU
  Logical resource: XLXI_13/U0/xst_blk_mem_generator/gnativebmg.native_blk_mem_gen/valid.cstr/ramloop[0].ram.r/v6_init.ram/NO_BMM_INFO.SP.SIMPLE_PRIM36.ram/CLKARDCLKU
  Location pin: RAMB36_X2Y8.CLKARDCLKU
  Clock network: clk_100mhz_BUFGP
--------------------------------------------------------------------------------
Slack: 8.161ns (period - min period limit)
  Period: 10.000ns
  Min period limit: 1.839ns (543.774MHz) (Trper_CLKB)
  Physical resource: XLXI_13/U0/xst_blk_mem_generator/gnativebmg.native_blk_mem_gen/valid.cstr/ramloop[0].ram.r/v6_init.ram/NO_BMM_INFO.SP.SIMPLE_PRIM36.ram/CLKBWRCLKL
  Logical resource: XLXI_13/U0/xst_blk_mem_generator/gnativebmg.native_blk_mem_gen/valid.cstr/ramloop[0].ram.r/v6_init.ram/NO_BMM_INFO.SP.SIMPLE_PRIM36.ram/CLKBWRCLKL
  Location pin: RAMB36_X2Y8.CLKBWRCLKL
  Clock network: clk_100mhz_BUFGP
--------------------------------------------------------------------------------


All constraints were met.


Data Sheet report:
-----------------
All values displayed in nanoseconds (ns)

Clock to Setup on destination clock clk_100mhz
---------------+---------+---------+---------+---------+
               | Src:Rise| Src:Fall| Src:Rise| Src:Fall|
Source Clock   |Dest:Rise|Dest:Rise|Dest:Fall|Dest:Fall|
---------------+---------+---------+---------+---------+
clk_100mhz     |    3.437|         |         |         |
---------------+---------+---------+---------+---------+


Timing summary:
---------------

Timing errors: 0  Score: 0  (Setup/Max: 0, Hold: 0)

Constraints cover 5096 paths, 0 nets, and 641 connections

Design statistics:
   Minimum period:   3.437ns{1}   (Maximum frequency: 290.951MHz)


------------------------------------Footnotes-----------------------------------
1)  The minimum period statistic assumes all single cycle delays.

Analysis completed Fri May 19 10:23:57 2017 
--------------------------------------------------------------------------------

Trace Settings:
-------------------------
Trace Settings 

Peak Memory Usage: 790 MB



