--------------------------------------------------------------------------------
Release 14.4 Trace  (nt64)
Copyright (c) 1995-2012 Xilinx, Inc.  All rights reserved.

C:\Xilinx\14.4\ISE_DS\ISE\bin\nt64\unwrapped\trce.exe -intstyle ise -v 3 -s 2L
-n 3 -fastpaths -xml Framework.twx Framework.ncd -o Framework.twr Framework.pcf
-ucf k7.ucf

Design file:              Framework.ncd
Physical constraint file: Framework.pcf
Device,package,speed:     xc7k160t,ffg676,C,-2L (PRODUCTION 1.08 2012-12-17)
Report level:             verbose report

Environment Variable      Effect 
--------------------      ------ 
NONE                      No environment variables were set
--------------------------------------------------------------------------------

INFO:Timing:3412 - To improve timing, see the Timing Closure User Guide (UG612).
INFO:Timing:2752 - To get complete path coverage, use the unconstrained paths 
   option. All paths that are not constrained will be reported in the 
   unconstrained paths section(s) of the report.
INFO:Timing:3339 - The clock-to-out numbers in this timing report are based on 
   a 50 Ohm transmission line loading model.  For the details of this model, 
   and for more information on accounting for different loading conditions, 
   please see the device datasheet.

================================================================================
Timing constraint: TS_CLK_100M = PERIOD TIMEGRP "TM_CLK" 10 ns HIGH 50%;
For more information, see Period Analysis in the Timing Closure User Guide (UG612).

 4858 paths analyzed, 515 endpoints analyzed, 0 failing endpoints
 0 timing errors detected. (0 setup errors, 0 hold errors, 0 component switching limit errors)
 Minimum period is   3.773ns.
--------------------------------------------------------------------------------

Paths for end point XLXI_6/P7SEG/S_0 (SLICE_X23Y58.CE), 1 path
--------------------------------------------------------------------------------
Slack (setup path):     6.227ns (requirement - (data path - clock path skew + uncertainty))
  Source:               XLXI_2/rst (FF)
  Destination:          XLXI_6/P7SEG/S_0 (FF)
  Requirement:          10.000ns
  Data Path Delay:      3.457ns (Levels of Logic = 1)
  Clock Path Skew:      -0.281ns (1.043 - 1.324)
  Source Clock:         clk_100mhz_BUFGP rising at 0.000ns
  Destination Clock:    clk_100mhz_BUFGP rising at 10.000ns
  Clock Uncertainty:    0.035ns

  Clock Uncertainty:          0.035ns  ((TSJ^2 + TIJ^2)^1/2 + DJ) / 2 + PE
    Total System Jitter (TSJ):  0.070ns
    Total Input Jitter (TIJ):   0.000ns
    Discrete Jitter (DJ):       0.000ns
    Phase Error (PE):           0.000ns

  Maximum Data Path at Slow Process Corner: XLXI_2/rst to XLXI_6/P7SEG/S_0
    Location             Delay type         Delay(ns)  Physical Resource
                                                       Logical Resource(s)
    -------------------------------------------------  -------------------
    SLICE_X98Y28.AQ      Tcko                  0.259   rst
                                                       XLXI_2/rst
    SLICE_X20Y58.A6      net (fanout=217)      2.746   rst
    SLICE_X20Y58.A       Tilo                  0.043   XLXI_6/P7SEG/rst_inv
                                                       XLXI_6/P7SEG/rst_inv1_INV_0
    SLICE_X23Y58.CE      net (fanout=2)        0.208   XLXI_6/P7SEG/rst_inv
    SLICE_X23Y58.CLK     Tceck                 0.201   XLXI_6/P7SEG/S<1>
                                                       XLXI_6/P7SEG/S_0
    -------------------------------------------------  ---------------------------
    Total                                      3.457ns (0.503ns logic, 2.954ns route)
                                                       (14.6% logic, 85.4% route)

--------------------------------------------------------------------------------

Paths for end point XLXI_6/P7SEG/S_1 (SLICE_X23Y58.CE), 1 path
--------------------------------------------------------------------------------
Slack (setup path):     6.227ns (requirement - (data path - clock path skew + uncertainty))
  Source:               XLXI_2/rst (FF)
  Destination:          XLXI_6/P7SEG/S_1 (FF)
  Requirement:          10.000ns
  Data Path Delay:      3.457ns (Levels of Logic = 1)
  Clock Path Skew:      -0.281ns (1.043 - 1.324)
  Source Clock:         clk_100mhz_BUFGP rising at 0.000ns
  Destination Clock:    clk_100mhz_BUFGP rising at 10.000ns
  Clock Uncertainty:    0.035ns

  Clock Uncertainty:          0.035ns  ((TSJ^2 + TIJ^2)^1/2 + DJ) / 2 + PE
    Total System Jitter (TSJ):  0.070ns
    Total Input Jitter (TIJ):   0.000ns
    Discrete Jitter (DJ):       0.000ns
    Phase Error (PE):           0.000ns

  Maximum Data Path at Slow Process Corner: XLXI_2/rst to XLXI_6/P7SEG/S_1
    Location             Delay type         Delay(ns)  Physical Resource
                                                       Logical Resource(s)
    -------------------------------------------------  -------------------
    SLICE_X98Y28.AQ      Tcko                  0.259   rst
                                                       XLXI_2/rst
    SLICE_X20Y58.A6      net (fanout=217)      2.746   rst
    SLICE_X20Y58.A       Tilo                  0.043   XLXI_6/P7SEG/rst_inv
                                                       XLXI_6/P7SEG/rst_inv1_INV_0
    SLICE_X23Y58.CE      net (fanout=2)        0.208   XLXI_6/P7SEG/rst_inv
    SLICE_X23Y58.CLK     Tceck                 0.201   XLXI_6/P7SEG/S<1>
                                                       XLXI_6/P7SEG/S_1
    -------------------------------------------------  ---------------------------
    Total                                      3.457ns (0.503ns logic, 2.954ns route)
                                                       (14.6% logic, 85.4% route)

--------------------------------------------------------------------------------

Paths for end point XLXI_6/P7SEG/EN (SLICE_X22Y58.CE), 1 path
--------------------------------------------------------------------------------
Slack (setup path):     6.250ns (requirement - (data path - clock path skew + uncertainty))
  Source:               XLXI_2/rst (FF)
  Destination:          XLXI_6/P7SEG/EN (FF)
  Requirement:          10.000ns
  Data Path Delay:      3.434ns (Levels of Logic = 1)
  Clock Path Skew:      -0.281ns (1.043 - 1.324)
  Source Clock:         clk_100mhz_BUFGP rising at 0.000ns
  Destination Clock:    clk_100mhz_BUFGP rising at 10.000ns
  Clock Uncertainty:    0.035ns

  Clock Uncertainty:          0.035ns  ((TSJ^2 + TIJ^2)^1/2 + DJ) / 2 + PE
    Total System Jitter (TSJ):  0.070ns
    Total Input Jitter (TIJ):   0.000ns
    Discrete Jitter (DJ):       0.000ns
    Phase Error (PE):           0.000ns

  Maximum Data Path at Slow Process Corner: XLXI_2/rst to XLXI_6/P7SEG/EN
    Location             Delay type         Delay(ns)  Physical Resource
                                                       Logical Resource(s)
    -------------------------------------------------  -------------------
    SLICE_X98Y28.AQ      Tcko                  0.259   rst
                                                       XLXI_2/rst
    SLICE_X20Y58.A6      net (fanout=217)      2.746   rst
    SLICE_X20Y58.A       Tilo                  0.043   XLXI_6/P7SEG/rst_inv
                                                       XLXI_6/P7SEG/rst_inv1_INV_0
    SLICE_X22Y58.CE      net (fanout=2)        0.208   XLXI_6/P7SEG/rst_inv
    SLICE_X22Y58.CLK     Tceck                 0.178   SEGEN_OBUF
                                                       XLXI_6/P7SEG/EN
    -------------------------------------------------  ---------------------------
    Total                                      3.434ns (0.480ns logic, 2.954ns route)
                                                       (14.0% logic, 86.0% route)

--------------------------------------------------------------------------------

Hold Paths: TS_CLK_100M = PERIOD TIMEGRP "TM_CLK" 10 ns HIGH 50%;
--------------------------------------------------------------------------------

Paths for end point XLXI_3/num_5 (SLICE_X18Y37.B6), 1 path
--------------------------------------------------------------------------------
Slack (hold path):      0.129ns (requirement - (clock path skew + uncertainty - data path))
  Source:               XLXI_3/num_2 (FF)
  Destination:          XLXI_3/num_5 (FF)
  Requirement:          0.000ns
  Data Path Delay:      0.140ns (Levels of Logic = 1)
  Clock Path Skew:      0.011ns (0.063 - 0.052)
  Source Clock:         clk_100mhz_BUFGP rising at 10.000ns
  Destination Clock:    clk_100mhz_BUFGP rising at 10.000ns
  Clock Uncertainty:    0.000ns

  Minimum Data Path at Fast Process Corner: XLXI_3/num_2 to XLXI_3/num_5
    Location             Delay type         Delay(ns)  Physical Resource
                                                       Logical Resource(s)
    -------------------------------------------------  -------------------
    SLICE_X19Y37.CQ      Tcko                  0.100   XLXI_3/num<3>
                                                       XLXI_3/num_2
    SLICE_X18Y37.B6      net (fanout=13)       0.099   XLXI_3/num<2>
    SLICE_X18Y37.CLK     Tah         (-Th)     0.059   XLXI_3/num<5>
                                                       XLXI_3/BUS_0002_PWR_4_o_mod_2/Mmux_o61
                                                       XLXI_3/num_5
    -------------------------------------------------  ---------------------------
    Total                                      0.140ns (0.041ns logic, 0.099ns route)
                                                       (29.3% logic, 70.7% route)

--------------------------------------------------------------------------------

Paths for end point XLXI_3/num_4 (SLICE_X18Y37.A6), 1 path
--------------------------------------------------------------------------------
Slack (hold path):      0.130ns (requirement - (clock path skew + uncertainty - data path))
  Source:               XLXI_3/num_2 (FF)
  Destination:          XLXI_3/num_4 (FF)
  Requirement:          0.000ns
  Data Path Delay:      0.141ns (Levels of Logic = 1)
  Clock Path Skew:      0.011ns (0.063 - 0.052)
  Source Clock:         clk_100mhz_BUFGP rising at 10.000ns
  Destination Clock:    clk_100mhz_BUFGP rising at 10.000ns
  Clock Uncertainty:    0.000ns

  Minimum Data Path at Fast Process Corner: XLXI_3/num_2 to XLXI_3/num_4
    Location             Delay type         Delay(ns)  Physical Resource
                                                       Logical Resource(s)
    -------------------------------------------------  -------------------
    SLICE_X19Y37.CQ      Tcko                  0.100   XLXI_3/num<3>
                                                       XLXI_3/num_2
    SLICE_X18Y37.A6      net (fanout=13)       0.100   XLXI_3/num<2>
    SLICE_X18Y37.CLK     Tah         (-Th)     0.059   XLXI_3/num<5>
                                                       XLXI_3/BUS_0002_PWR_4_o_mod_2/Mmux_o51
                                                       XLXI_3/num_4
    -------------------------------------------------  ---------------------------
    Total                                      0.141ns (0.041ns logic, 0.100ns route)
                                                       (29.1% logic, 70.9% route)

--------------------------------------------------------------------------------

Paths for end point XLXI_6/P7SEG/state_FSM_FFd1 (SLICE_X22Y59.B5), 1 path
--------------------------------------------------------------------------------
Slack (hold path):      0.135ns (requirement - (clock path skew + uncertainty - data path))
  Source:               XLXI_6/P7SEG/Go_0 (FF)
  Destination:          XLXI_6/P7SEG/state_FSM_FFd1 (FF)
  Requirement:          0.000ns
  Data Path Delay:      0.146ns (Levels of Logic = 1)
  Clock Path Skew:      0.011ns (0.063 - 0.052)
  Source Clock:         clk_100mhz_BUFGP rising at 10.000ns
  Destination Clock:    clk_100mhz_BUFGP rising at 10.000ns
  Clock Uncertainty:    0.000ns

  Minimum Data Path at Fast Process Corner: XLXI_6/P7SEG/Go_0 to XLXI_6/P7SEG/state_FSM_FFd1
    Location             Delay type         Delay(ns)  Physical Resource
                                                       Logical Resource(s)
    -------------------------------------------------  -------------------
    SLICE_X23Y59.AQ      Tcko                  0.100   XLXI_6/P7SEG/Go<1>
                                                       XLXI_6/P7SEG/Go_0
    SLICE_X22Y59.B5      net (fanout=5)        0.105   XLXI_6/P7SEG/Go<0>
    SLICE_X22Y59.CLK     Tah         (-Th)     0.059   XLXI_6/P7SEG/state_FSM_FFd1
                                                       XLXI_6/P7SEG/state_FSM_FFd1-In1
                                                       XLXI_6/P7SEG/state_FSM_FFd1
    -------------------------------------------------  ---------------------------
    Total                                      0.146ns (0.041ns logic, 0.105ns route)
                                                       (28.1% logic, 71.9% route)

--------------------------------------------------------------------------------

Component Switching Limit Checks: TS_CLK_100M = PERIOD TIMEGRP "TM_CLK" 10 ns HIGH 50%;
--------------------------------------------------------------------------------
Slack: 8.161ns (period - min period limit)
  Period: 10.000ns
  Min period limit: 1.839ns (543.774MHz) (Trper_CLKA)
  Physical resource: XLXI_13/U0/xst_blk_mem_generator/gnativebmg.native_blk_mem_gen/valid.cstr/ramloop[0].ram.r/v6_init.ram/NO_BMM_INFO.SP.SIMPLE_PRIM36.ram/CLKARDCLKL
  Logical resource: XLXI_13/U0/xst_blk_mem_generator/gnativebmg.native_blk_mem_gen/valid.cstr/ramloop[0].ram.r/v6_init.ram/NO_BMM_INFO.SP.SIMPLE_PRIM36.ram/CLKARDCLKL
  Location pin: RAMB36_X1Y3.CLKARDCLKL
  Clock network: clk_100mhz_BUFGP
--------------------------------------------------------------------------------
Slack: 8.161ns (period - min period limit)
  Period: 10.000ns
  Min period limit: 1.839ns (543.774MHz) (Trper_CLKA)
  Physical resource: XLXI_13/U0/xst_blk_mem_generator/gnativebmg.native_blk_mem_gen/valid.cstr/ramloop[0].ram.r/v6_init.ram/NO_BMM_INFO.SP.SIMPLE_PRIM36.ram/CLKARDCLKU
  Logical resource: XLXI_13/U0/xst_blk_mem_generator/gnativebmg.native_blk_mem_gen/valid.cstr/ramloop[0].ram.r/v6_init.ram/NO_BMM_INFO.SP.SIMPLE_PRIM36.ram/CLKARDCLKU
  Location pin: RAMB36_X1Y3.CLKARDCLKU
  Clock network: clk_100mhz_BUFGP
--------------------------------------------------------------------------------
Slack: 8.161ns (period - min period limit)
  Period: 10.000ns
  Min period limit: 1.839ns (543.774MHz) (Trper_CLKB)
  Physical resource: XLXI_13/U0/xst_blk_mem_generator/gnativebmg.native_blk_mem_gen/valid.cstr/ramloop[0].ram.r/v6_init.ram/NO_BMM_INFO.SP.SIMPLE_PRIM36.ram/CLKBWRCLKL
  Logical resource: XLXI_13/U0/xst_blk_mem_generator/gnativebmg.native_blk_mem_gen/valid.cstr/ramloop[0].ram.r/v6_init.ram/NO_BMM_INFO.SP.SIMPLE_PRIM36.ram/CLKBWRCLKL
  Location pin: RAMB36_X1Y3.CLKBWRCLKL
  Clock network: clk_100mhz_BUFGP
--------------------------------------------------------------------------------


All constraints were met.


Data Sheet report:
-----------------
All values displayed in nanoseconds (ns)

Clock to Setup on destination clock clk_100mhz
---------------+---------+---------+---------+---------+
               | Src:Rise| Src:Fall| Src:Rise| Src:Fall|
Source Clock   |Dest:Rise|Dest:Rise|Dest:Fall|Dest:Fall|
---------------+---------+---------+---------+---------+
clk_100mhz     |    3.773|         |         |         |
---------------+---------+---------+---------+---------+


Timing summary:
---------------

Timing errors: 0  Score: 0  (Setup/Max: 0, Hold: 0)

Constraints cover 4858 paths, 0 nets, and 668 connections

Design statistics:
   Minimum period:   3.773ns{1}   (Maximum frequency: 265.041MHz)


------------------------------------Footnotes-----------------------------------
1)  The minimum period statistic assumes all single cycle delays.

Analysis completed Fri Jun 23 23:21:19 2017 
--------------------------------------------------------------------------------

Trace Settings:
-------------------------
Trace Settings 

Peak Memory Usage: 790 MB



