Release 14.7 - xst P.20131013 (nt64)
Copyright (c) 1995-2013 Xilinx, Inc.  All rights reserved.
--> Parameter TMPDIR set to xst/projnav.tmp


Total REAL time to Xst completion: 0.00 secs
Total CPU time to Xst completion: 0.24 secs
 
--> Parameter xsthdpdir set to xst


Total REAL time to Xst completion: 0.00 secs
Total CPU time to Xst completion: 0.24 secs
 
--> Reading design: Display.prj

TABLE OF CONTENTS
  1) Synthesis Options Summary
  2) HDL Parsing
  3) HDL Elaboration
  4) HDL Synthesis
       4.1) HDL Synthesis Report
  5) Advanced HDL Synthesis
       5.1) Advanced HDL Synthesis Report
  6) Low Level Synthesis
  7) Partition Report
  8) Design Summary
       8.1) Primitive and Black Box Usage
       8.2) Device utilization summary
       8.3) Partition Resource Summary
       8.4) Timing Report
            8.4.1) Clock Information
            8.4.2) Asynchronous Control Signals Information
            8.4.3) Timing Summary
            8.4.4) Timing Details
            8.4.5) Cross Clock Domains Report


=========================================================================
*                      Synthesis Options Summary                        *
=========================================================================
---- Source Parameters
Input File Name                    : "Display.prj"
Ignore Synthesis Constraint File   : NO

---- Target Parameters
Output File Name                   : "Display"
Output Format                      : NGC
Target Device                      : xc7k160t-2L-ffg676

---- Source Options
Top Module Name                    : Display
Automatic FSM Extraction           : YES
FSM Encoding Algorithm             : Auto
Safe Implementation                : No
FSM Style                          : LUT
RAM Extraction                     : Yes
RAM Style                          : Auto
ROM Extraction                     : Yes
Shift Register Extraction          : YES
ROM Style                          : Auto
Resource Sharing                   : YES
Asynchronous To Synchronous        : NO
Shift Register Minimum Size        : 2
Use DSP Block                      : Auto
Automatic Register Balancing       : No

---- Target Options
LUT Combining                      : Auto
Reduce Control Sets                : Auto
Add IO Buffers                     : YES
Global Maximum Fanout              : 100000
Add Generic Clock Buffer(BUFG)     : 32
Register Duplication               : YES
Optimize Instantiated Primitives   : NO
Use Clock Enable                   : Auto
Use Synchronous Set                : Auto
Use Synchronous Reset              : Auto
Pack IO Registers into IOBs        : Auto
Equivalent register Removal        : YES

---- General Options
Optimization Goal                  : Speed
Optimization Effort                : 1
Power Reduction                    : NO
Keep Hierarchy                     : No
Netlist Hierarchy                  : As_Optimized
RTL Output                         : Yes
Global Optimization                : AllClockNets
Read Cores                         : YES
Write Timing Constraints           : NO
Cross Clock Analysis               : NO
Hierarchy Separator                : /
Bus Delimiter                      : <>
Case Specifier                     : Maintain
Slice Utilization Ratio            : 100
BRAM Utilization Ratio             : 100
DSP48 Utilization Ratio            : 100
Auto BRAM Packing                  : NO
Slice Utilization Ratio Delta      : 5

=========================================================================


=========================================================================
*                          HDL Parsing                                  *
=========================================================================
Analyzing Verilog file "C:\Users\Magnetization\Desktop\Ogran-Exp2\OExp02-IO\MC14495_ZJU.vf" into library work
Parsing module <MC14495_ZJU>.
Analyzing Verilog file "C:\Users\Magnetization\Desktop\Ogran-Exp2\OExp02-IO\SSeg_map.v" into library work
Parsing module <SSeg_map>.
Analyzing Verilog file "C:\Users\Magnetization\Desktop\Ogran-Exp2\OExp02-IO\P2S_IO.v" into library work
Parsing module <P2S>.
Analyzing Verilog file "C:\Users\Magnetization\Desktop\Ogran-Exp2\OExp02-IO\MUX2T1_64.v" into library work
Parsing module <MUX2T1_64>.
Analyzing Verilog file "C:\Users\Magnetization\Desktop\Ogran-Exp2\OExp02-IO\HexTo8SEG.v" into library work
Parsing module <Hex2Seg>.
Parsing module <HexTo8SEG>.
Analyzing Verilog file "C:\Users\Magnetization\Desktop\Ogran-Exp2\OExp02-IO\Display.vf" into library work
Parsing module <Display>.

=========================================================================
*                            HDL Elaboration                            *
=========================================================================

Elaborating module <Display>.

Elaborating module <P2S>.
WARNING:HDLCompiler:1499 - "C:\Users\Magnetization\Desktop\Ogran-Exp2\OExp02-IO\P2S_IO.v" Line 21: Empty module <P2S> remains a black box.

Elaborating module <HexTo8SEG>.

Elaborating module <Hex2Seg>.

Elaborating module <MC14495_ZJU>.

Elaborating module <AND4>.

Elaborating module <AND3>.

Elaborating module <AND2>.

Elaborating module <OR4>.

Elaborating module <OR3>.

Elaborating module <INV>.

Elaborating module <OR2>.

Elaborating module <SSeg_map>.

Elaborating module <MUX2T1_64>.

=========================================================================
*                           HDL Synthesis                               *
=========================================================================

Synthesizing Unit <Display>.
    Related source file is "C:\Users\Magnetization\Desktop\Ogran-Exp2\OExp02-IO\Display.vf".
    Summary:
	no macro.
Unit <Display> synthesized.

Synthesizing Unit <HexTo8SEG>.
    Related source file is "C:\Users\Magnetization\Desktop\Ogran-Exp2\OExp02-IO\HexTo8SEG.v".
    Summary:
	no macro.
Unit <HexTo8SEG> synthesized.

Synthesizing Unit <Hex2Seg>.
    Related source file is "C:\Users\Magnetization\Desktop\Ogran-Exp2\OExp02-IO\HexTo8SEG.v".
    Summary:
	no macro.
Unit <Hex2Seg> synthesized.

Synthesizing Unit <MC14495_ZJU>.
    Related source file is "C:\Users\Magnetization\Desktop\Ogran-Exp2\OExp02-IO\MC14495_ZJU.vf".
    Summary:
	no macro.
Unit <MC14495_ZJU> synthesized.

Synthesizing Unit <SSeg_map>.
    Related source file is "C:\Users\Magnetization\Desktop\Ogran-Exp2\OExp02-IO\SSeg_map.v".
WARNING:Xst:647 - Input <Disp_num<63:32>> is never used. This port will be preserved and left unconnected if it belongs to a top-level block or it belongs to a sub-block and the hierarchy of this sub-block is preserved.
    Summary:
	no macro.
Unit <SSeg_map> synthesized.

Synthesizing Unit <MUX2T1_64>.
    Related source file is "C:\Users\Magnetization\Desktop\Ogran-Exp2\OExp02-IO\MUX2T1_64.v".
    Summary:
	inferred   1 Multiplexer(s).
Unit <MUX2T1_64> synthesized.

=========================================================================
HDL Synthesis Report

Macro Statistics
# Multiplexers                                         : 1
 64-bit 2-to-1 multiplexer                             : 1

=========================================================================

=========================================================================
*                       Advanced HDL Synthesis                          *
=========================================================================

Reading core <P2S.ngc>.
Loading core <P2S> for timing and area information for instance <XLXI_1>.

=========================================================================
Advanced HDL Synthesis Report

Macro Statistics
# Multiplexers                                         : 1
 64-bit 2-to-1 multiplexer                             : 1

=========================================================================

=========================================================================
*                         Low Level Synthesis                           *
=========================================================================

Optimizing unit <MC14495_ZJU> ...

Optimizing unit <Display> ...

Optimizing unit <HexTo8SEG> ...

Mapping all equations...
Building and optimizing final netlist ...
Found area constraint ratio of 100 (+ 5) on block Display, actual ratio is 0.

Final Macro Processing ...

=========================================================================
Final Register Report

Found no macro
=========================================================================

=========================================================================
*                           Partition Report                            *
=========================================================================

Partition Implementation Status
-------------------------------

  No Partitions were found in this design.

-------------------------------

=========================================================================
*                            Design Summary                             *
=========================================================================

Top Level Output File Name         : Display.ngc

Primitive and Black Box Usage:
------------------------------
# BELS                             : 484
#      AND2                        : 8
#      AND3                        : 88
#      AND4                        : 72
#      GND                         : 1
#      INV                         : 40
#      LUT2                        : 9
#      LUT3                        : 66
#      LUT4                        : 1
#      LUT6                        : 74
#      MUXCY                       : 12
#      OR2                         : 56
#      OR3                         : 24
#      OR4                         : 32
#      VCC                         : 1
# FlipFlops/Latches                : 67
#      FD                          : 67
# Clock Buffers                    : 1
#      BUFGP                       : 1
# IO Buffers                       : 56
#      IBUF                        : 52
#      OBUF                        : 4

Device utilization summary:
---------------------------

Selected Device : 7k160tffg676-2l 


Slice Logic Utilization: 
 Number of Slice Registers:              67  out of  202800     0%  
 Number of Slice LUTs:                  190  out of  101400     0%  
    Number used as Logic:               190  out of  101400     0%  

Slice Logic Distribution: 
 Number of LUT Flip Flop pairs used:    193
   Number with an unused Flip Flop:     126  out of    193    65%  
   Number with an unused LUT:             3  out of    193     1%  
   Number of fully used LUT-FF pairs:    64  out of    193    33%  
   Number of unique control sets:         1

IO Utilization: 
 Number of IOs:                          57
 Number of bonded IOBs:                  57  out of    400    14%  

Specific Feature Utilization:
 Number of BUFG/BUFGCTRLs:                1  out of     32     3%  

---------------------------
Partition Resource Summary:
---------------------------

  No Partitions were found in this design.

---------------------------


=========================================================================
Timing Report

NOTE: THESE TIMING NUMBERS ARE ONLY A SYNTHESIS ESTIMATE.
      FOR ACCURATE TIMING INFORMATION PLEASE REFER TO THE TRACE REPORT
      GENERATED AFTER PLACE-and-ROUTE.

Clock Information:
------------------
-----------------------------------+------------------------+-------+
Clock Signal                       | Clock buffer(FF name)  | Load  |
-----------------------------------+------------------------+-------+
clk                                | BUFGP                  | 67    |
-----------------------------------+------------------------+-------+

Asynchronous Control Signals Information:
----------------------------------------
No asynchronous control signals found in this design

Timing Summary:
---------------
Speed Grade: -2

   Minimum period: 1.793ns (Maximum Frequency: 557.766MHz)
   Minimum input arrival time before clock: 3.841ns
   Maximum output required time after clock: 2.277ns
   Maximum combinational path delay: 0.869ns

Timing Details:
---------------
All values displayed in nanoseconds (ns)

=========================================================================
Timing constraint: Default period analysis for Clock 'clk'
  Clock period: 1.793ns (frequency: 557.766MHz)
  Total number of paths / destination ports: 4420 / 66
-------------------------------------------------------------------------
Delay:               1.793ns (Levels of Logic = 12)
  Source:            XLXI_1/Q_50 (FF)
  Destination:       XLXI_1/Q_0 (FF)
  Source Clock:      clk rising
  Destination Clock: clk rising

  Data Path: XLXI_1/Q_50 to XLXI_1/Q_0
                                Gate     Net
    Cell:in->out      fanout   Delay   Delay  Logical Name (Net Name)
    ----------------------------------------  ------------
     FD:C->Q               3   0.236   0.625  Q_50 (Q<50>)
     LUT6:I0->O            1   0.043   0.000  out_wg_lut<1> (out_wg_lut<1>)
     MUXCY:S->O            1   0.238   0.000  out_wg_cy<1> (out_wg_cy<1>)
     MUXCY:CI->O           1   0.013   0.000  out_wg_cy<2> (out_wg_cy<2>)
     MUXCY:CI->O           1   0.013   0.000  out_wg_cy<3> (out_wg_cy<3>)
     MUXCY:CI->O           1   0.013   0.000  out_wg_cy<4> (out_wg_cy<4>)
     MUXCY:CI->O           1   0.013   0.000  out_wg_cy<5> (out_wg_cy<5>)
     MUXCY:CI->O           1   0.013   0.000  out_wg_cy<6> (out_wg_cy<6>)
     MUXCY:CI->O           1   0.013   0.000  out_wg_cy<7> (out_wg_cy<7>)
     MUXCY:CI->O           1   0.013   0.000  out_wg_cy<8> (out_wg_cy<8>)
     MUXCY:CI->O           1   0.013   0.000  out_wg_cy<9> (out_wg_cy<9>)
     MUXCY:CI->O          67   0.013   0.486  out_wg_cy<10> (finish)
     LUT6:I5->O            1   0.043   0.000  Q_0_rstpot (Q_0_rstpot)
     FD:D                     -0.000          Q_0
    ----------------------------------------
    Total                      1.793ns (0.681ns logic, 1.111ns route)
                                       (38.0% logic, 62.0% route)

=========================================================================
Timing constraint: Default OFFSET IN BEFORE for Clock 'clk'
  Total number of paths / destination ports: 937 / 65
-------------------------------------------------------------------------
Offset:              3.841ns (Levels of Logic = 8)
  Source:            Hexs<29> (PAD)
  Destination:       XLXI_1/Q_2 (FF)
  Destination Clock: clk rising

  Data Path: Hexs<29> to XLXI_1/Q_2
                                Gate     Net
    Cell:in->out      fanout   Delay   Delay  Logical Name (Net Name)
    ----------------------------------------  ------------
     IBUF:I->O            13   0.000   0.407  Hexs_29_IBUF (Hexs_29_IBUF)
     INV:I->O              8   0.317   0.642  XLXI_2/HTS0/MSEG/INV_3 (XLXI_2/HTS0/MSEG/ND1)
     AND4:I1->O            2   0.053   0.500  XLXI_2/HTS0/MSEG/AD18 (XLXI_2/HTS0/MSEG/A18)
     OR4:I3->O             1   0.161   0.603  XLXI_2/HTS0/MSEG/f_1 (XLXI_2/HTS0/MSEG/FF)
     OR2:I1->O             1   0.053   0.405  XLXI_2/HTS0/MSEG/XLXI_73 (XLXN_4<2>)
     LUT3:I1->O            1   0.043   0.613  XLXI_4/Mmux_o231 (XLXN_6<2>)
     begin scope: 'XLXI_1:PData<2>'
     LUT6:I0->O            1   0.043   0.000  Q_2_rstpot (Q_2_rstpot)
     FD:D                     -0.000          Q_2
    ----------------------------------------
    Total                      3.841ns (0.670ns logic, 3.171ns route)
                                       (17.4% logic, 82.6% route)

=========================================================================
Timing constraint: Default OFFSET OUT AFTER for Clock 'clk'
  Total number of paths / destination ports: 131 / 3
-------------------------------------------------------------------------
Offset:              2.277ns (Levels of Logic = 14)
  Source:            XLXI_1/Q_50 (FF)
  Destination:       SEGEN (PAD)
  Source Clock:      clk rising

  Data Path: XLXI_1/Q_50 to SEGEN
                                Gate     Net
    Cell:in->out      fanout   Delay   Delay  Logical Name (Net Name)
    ----------------------------------------  ------------
     FD:C->Q               3   0.236   0.625  Q_50 (Q<50>)
     LUT6:I0->O            1   0.043   0.000  out_wg_lut<1> (out_wg_lut<1>)
     MUXCY:S->O            1   0.238   0.000  out_wg_cy<1> (out_wg_cy<1>)
     MUXCY:CI->O           1   0.013   0.000  out_wg_cy<2> (out_wg_cy<2>)
     MUXCY:CI->O           1   0.013   0.000  out_wg_cy<3> (out_wg_cy<3>)
     MUXCY:CI->O           1   0.013   0.000  out_wg_cy<4> (out_wg_cy<4>)
     MUXCY:CI->O           1   0.013   0.000  out_wg_cy<5> (out_wg_cy<5>)
     MUXCY:CI->O           1   0.013   0.000  out_wg_cy<6> (out_wg_cy<6>)
     MUXCY:CI->O           1   0.013   0.000  out_wg_cy<7> (out_wg_cy<7>)
     MUXCY:CI->O           1   0.013   0.000  out_wg_cy<8> (out_wg_cy<8>)
     MUXCY:CI->O           1   0.013   0.000  out_wg_cy<9> (out_wg_cy<9>)
     MUXCY:CI->O          67   0.013   0.631  out_wg_cy<10> (finish)
     LUT3:I0->O            1   0.043   0.339  Mmux_EN11 (EN)
     end scope: 'XLXI_1:EN'
     OBUF:I->O                 0.000          SEGEN_OBUF (SEGEN)
    ----------------------------------------
    Total                      2.277ns (0.681ns logic, 1.596ns route)
                                       (29.9% logic, 70.1% route)

=========================================================================
Timing constraint: Default path analysis
  Total number of paths / destination ports: 1 / 1
-------------------------------------------------------------------------
Delay:               0.869ns (Levels of Logic = 4)
  Source:            clk (PAD)
  Destination:       segclk (PAD)

  Data Path: clk to segclk
                                Gate     Net
    Cell:in->out      fanout   Delay   Delay  Logical Name (Net Name)
    ----------------------------------------  ------------
     BUFGP:I->O           68   0.000   0.487  clk_BUFGP (clk_BUFGP)
     begin scope: 'XLXI_1:clk'
     LUT2:I1->O            1   0.043   0.339  sclk1 (sclk)
     end scope: 'XLXI_1:sclk'
     OBUF:I->O                 0.000          segclk_OBUF (segclk)
    ----------------------------------------
    Total                      0.869ns (0.043ns logic, 0.826ns route)
                                       (5.0% logic, 95.0% route)

=========================================================================

Cross Clock Domains Report:
--------------------------

Clock to Setup on destination clock clk
---------------+---------+---------+---------+---------+
               | Src:Rise| Src:Fall| Src:Rise| Src:Fall|
Source Clock   |Dest:Rise|Dest:Rise|Dest:Fall|Dest:Fall|
---------------+---------+---------+---------+---------+
clk            |    1.793|         |         |         |
---------------+---------+---------+---------+---------+

=========================================================================


Total REAL time to Xst completion: 18.00 secs
Total CPU time to Xst completion: 18.59 secs
 
--> 

Total memory usage is 415532 kilobytes

Number of errors   :    0 (   0 filtered)
Number of warnings :    2 (   0 filtered)
Number of infos    :    0 (   0 filtered)

