Running: C:\Xilinx\14.7\ISE_DS\ISE\bin\nt\unwrapped\fuse.exe -intstyle ise -incremental -lib unisims_ver -lib unimacro_ver -lib xilinxcorelib_ver -lib secureip -o C:/Documents and Settings/Administrator/My Documents/COD/Exp02/OExp02-IO/HexTo8SEG_demo_isim_beh.exe -prj C:/Documents and Settings/Administrator/My Documents/COD/Exp02/OExp02-IO/HexTo8SEG_demo_beh.prj work.HexTo8SEG_demo work.glbl 
ISim P.20131013 (signature 0x8ef4fb42)
Number of CPUs detected in this system: 2
Turning on mult-threading, number of parallel sub-compilation jobs: 4 
Determining compilation order of HDL files
Analyzing Verilog file "C:/Documents and Settings/Administrator/My Documents/COD/Exp02/OExp02-IO/MC14495_ZJU.vf" into library work
Analyzing Verilog file "C:/Documents and Settings/Administrator/My Documents/COD/Exp02/OExp02-IO/HexTo8SEG.v" into library work
Analyzing Verilog file "C:/Documents and Settings/Administrator/My Documents/COD/Exp02/OExp02-IO/HexTo8SEG_demo.v" into library work
Analyzing Verilog file "C:/Xilinx/14.7/ISE_DS/ISE//verilog/src/glbl.v" into library work
Starting static elaboration
Completed static elaboration
Fuse Memory Usage: 65804 KB
Fuse CPU Usage: 327 ms
Compiling module AND4
Compiling module AND3
Compiling module AND2
Compiling module OR4
Compiling module OR3
Compiling module INV
Compiling module OR2
Compiling module MC14495_ZJU
Compiling module Hex2Seg
Compiling module HexTo8SEG
Compiling module HexTo8SEG_demo
Compiling module glbl
Time Resolution for simulation is 1ps.
Waiting for 9 sub-compilation(s) to finish...
Compiled 12 Verilog Units
Built simulation executable C:/Documents and Settings/Administrator/My Documents/COD/Exp02/OExp02-IO/HexTo8SEG_demo_isim_beh.exe
Fuse Memory Usage: 71256 KB
Fuse CPU Usage: 421 ms
