--------------------------------------------------------------------------------
Release 14.4 Trace  (nt64)
Copyright (c) 1995-2012 Xilinx, Inc.  All rights reserved.

C:\Xilinx\14.4\ISE_DS\ISE\bin\nt64\unwrapped\trce.exe -intstyle ise -v 3 -s 2L
-n 3 -fastpaths -xml Framework.twx Framework.ncd -o Framework.twr Framework.pcf
-ucf k7.ucf

Design file:              Framework.ncd
Physical constraint file: Framework.pcf
Device,package,speed:     xc7k160t,ffg676,C,-2L (PRODUCTION 1.08 2012-12-17)
Report level:             verbose report

Environment Variable      Effect 
--------------------      ------ 
NONE                      No environment variables were set
--------------------------------------------------------------------------------

INFO:Timing:3412 - To improve timing, see the Timing Closure User Guide (UG612).
INFO:Timing:2752 - To get complete path coverage, use the unconstrained paths 
   option. All paths that are not constrained will be reported in the 
   unconstrained paths section(s) of the report.
INFO:Timing:3339 - The clock-to-out numbers in this timing report are based on 
   a 50 Ohm transmission line loading model.  For the details of this model, 
   and for more information on accounting for different loading conditions, 
   please see the device datasheet.

================================================================================
Timing constraint: TS_CLK_100M = PERIOD TIMEGRP "TM_CLK" 10 ns HIGH 50%;
For more information, see Period Analysis in the Timing Closure User Guide (UG612).

 5096 paths analyzed, 494 endpoints analyzed, 0 failing endpoints
 0 timing errors detected. (0 setup errors, 0 hold errors, 0 component switching limit errors)
 Minimum period is   3.597ns.
--------------------------------------------------------------------------------

Paths for end point XLXI_2/CR (SLICE_X46Y47.CE), 16 paths
--------------------------------------------------------------------------------
Slack (setup path):     6.403ns (requirement - (data path - clock path skew + uncertainty))
  Source:               XLXI_2/sw_temp_1 (FF)
  Destination:          XLXI_2/CR (FF)
  Requirement:          10.000ns
  Data Path Delay:      3.564ns (Levels of Logic = 3)
  Clock Path Skew:      0.002ns (1.167 - 1.165)
  Source Clock:         clk_100mhz_BUFGP rising at 0.000ns
  Destination Clock:    clk_100mhz_BUFGP rising at 10.000ns
  Clock Uncertainty:    0.035ns

  Clock Uncertainty:          0.035ns  ((TSJ^2 + TIJ^2)^1/2 + DJ) / 2 + PE
    Total System Jitter (TSJ):  0.070ns
    Total Input Jitter (TIJ):   0.000ns
    Discrete Jitter (DJ):       0.000ns
    Phase Error (PE):           0.000ns

  Maximum Data Path at Slow Process Corner: XLXI_2/sw_temp_1 to XLXI_2/CR
    Location             Delay type         Delay(ns)  Physical Resource
                                                       Logical Resource(s)
    -------------------------------------------------  -------------------
    SLICE_X92Y57.DQ      Tcko                  0.259   XLXI_2/sw_temp<1>
                                                       XLXI_2/sw_temp_1
    SLICE_X93Y53.A1      net (fanout=1)        0.610   XLXI_2/sw_temp<1>
    SLICE_X93Y53.COUT    Topcya                0.302   XLXI_2/Mcompar_sw_temp[15]_SW[15]_not_equal_100_o_cy<3>
                                                       XLXI_2/Mcompar_sw_temp[15]_SW[15]_not_equal_100_o_lut<0>
                                                       XLXI_2/Mcompar_sw_temp[15]_SW[15]_not_equal_100_o_cy<3>
    SLICE_X93Y54.CIN     net (fanout=1)        0.000   XLXI_2/Mcompar_sw_temp[15]_SW[15]_not_equal_100_o_cy<3>
    SLICE_X93Y54.BMUX    Tcinb                 0.156   XLXI_2/RSTN_temp_sw_temp[15]_OR_54_o
                                                       XLXI_2/RSTN_temp_sw_temp[15]_OR_54_o1_cy
    SLICE_X90Y51.C2      net (fanout=42)       0.580   XLXI_2/sw_temp[15]_SW[15]_not_equal_100_o
    SLICE_X90Y51.C       Tilo                  0.043   XLXI_2/_n0243_inv1_cepot_cepot
                                                       XLXI_2/_n0243_inv1_cepot_cepot_INV_0
    SLICE_X46Y47.CE      net (fanout=6)        1.436   XLXI_2/_n0243_inv1_cepot_cepot
    SLICE_X46Y47.CLK     Tceck                 0.178   CR_OBUF
                                                       XLXI_2/CR
    -------------------------------------------------  ---------------------------
    Total                                      3.564ns (0.938ns logic, 2.626ns route)
                                                       (26.3% logic, 73.7% route)

--------------------------------------------------------------------------------
Slack (setup path):     6.412ns (requirement - (data path - clock path skew + uncertainty))
  Source:               XLXI_2/sw_temp_2 (FF)
  Destination:          XLXI_2/CR (FF)
  Requirement:          10.000ns
  Data Path Delay:      3.554ns (Levels of Logic = 3)
  Clock Path Skew:      0.001ns (1.167 - 1.166)
  Source Clock:         clk_100mhz_BUFGP rising at 0.000ns
  Destination Clock:    clk_100mhz_BUFGP rising at 10.000ns
  Clock Uncertainty:    0.035ns

  Clock Uncertainty:          0.035ns  ((TSJ^2 + TIJ^2)^1/2 + DJ) / 2 + PE
    Total System Jitter (TSJ):  0.070ns
    Total Input Jitter (TIJ):   0.000ns
    Discrete Jitter (DJ):       0.000ns
    Phase Error (PE):           0.000ns

  Maximum Data Path at Slow Process Corner: XLXI_2/sw_temp_2 to XLXI_2/CR
    Location             Delay type         Delay(ns)  Physical Resource
                                                       Logical Resource(s)
    -------------------------------------------------  -------------------
    SLICE_X92Y55.BQ      Tcko                  0.259   XLXI_2/sw_temp<3>
                                                       XLXI_2/sw_temp_2
    SLICE_X93Y53.A3      net (fanout=1)        0.600   XLXI_2/sw_temp<2>
    SLICE_X93Y53.COUT    Topcya                0.302   XLXI_2/Mcompar_sw_temp[15]_SW[15]_not_equal_100_o_cy<3>
                                                       XLXI_2/Mcompar_sw_temp[15]_SW[15]_not_equal_100_o_lut<0>
                                                       XLXI_2/Mcompar_sw_temp[15]_SW[15]_not_equal_100_o_cy<3>
    SLICE_X93Y54.CIN     net (fanout=1)        0.000   XLXI_2/Mcompar_sw_temp[15]_SW[15]_not_equal_100_o_cy<3>
    SLICE_X93Y54.BMUX    Tcinb                 0.156   XLXI_2/RSTN_temp_sw_temp[15]_OR_54_o
                                                       XLXI_2/RSTN_temp_sw_temp[15]_OR_54_o1_cy
    SLICE_X90Y51.C2      net (fanout=42)       0.580   XLXI_2/sw_temp[15]_SW[15]_not_equal_100_o
    SLICE_X90Y51.C       Tilo                  0.043   XLXI_2/_n0243_inv1_cepot_cepot
                                                       XLXI_2/_n0243_inv1_cepot_cepot_INV_0
    SLICE_X46Y47.CE      net (fanout=6)        1.436   XLXI_2/_n0243_inv1_cepot_cepot
    SLICE_X46Y47.CLK     Tceck                 0.178   CR_OBUF
                                                       XLXI_2/CR
    -------------------------------------------------  ---------------------------
    Total                                      3.554ns (0.938ns logic, 2.616ns route)
                                                       (26.4% logic, 73.6% route)

--------------------------------------------------------------------------------
Slack (setup path):     6.479ns (requirement - (data path - clock path skew + uncertainty))
  Source:               XLXI_2/sw_temp_0 (FF)
  Destination:          XLXI_2/CR (FF)
  Requirement:          10.000ns
  Data Path Delay:      3.488ns (Levels of Logic = 3)
  Clock Path Skew:      0.002ns (1.167 - 1.165)
  Source Clock:         clk_100mhz_BUFGP rising at 0.000ns
  Destination Clock:    clk_100mhz_BUFGP rising at 10.000ns
  Clock Uncertainty:    0.035ns

  Clock Uncertainty:          0.035ns  ((TSJ^2 + TIJ^2)^1/2 + DJ) / 2 + PE
    Total System Jitter (TSJ):  0.070ns
    Total Input Jitter (TIJ):   0.000ns
    Discrete Jitter (DJ):       0.000ns
    Phase Error (PE):           0.000ns

  Maximum Data Path at Slow Process Corner: XLXI_2/sw_temp_0 to XLXI_2/CR
    Location             Delay type         Delay(ns)  Physical Resource
                                                       Logical Resource(s)
    -------------------------------------------------  -------------------
    SLICE_X92Y57.BQ      Tcko                  0.259   XLXI_2/sw_temp<1>
                                                       XLXI_2/sw_temp_0
    SLICE_X93Y53.A2      net (fanout=1)        0.534   XLXI_2/sw_temp<0>
    SLICE_X93Y53.COUT    Topcya                0.302   XLXI_2/Mcompar_sw_temp[15]_SW[15]_not_equal_100_o_cy<3>
                                                       XLXI_2/Mcompar_sw_temp[15]_SW[15]_not_equal_100_o_lut<0>
                                                       XLXI_2/Mcompar_sw_temp[15]_SW[15]_not_equal_100_o_cy<3>
    SLICE_X93Y54.CIN     net (fanout=1)        0.000   XLXI_2/Mcompar_sw_temp[15]_SW[15]_not_equal_100_o_cy<3>
    SLICE_X93Y54.BMUX    Tcinb                 0.156   XLXI_2/RSTN_temp_sw_temp[15]_OR_54_o
                                                       XLXI_2/RSTN_temp_sw_temp[15]_OR_54_o1_cy
    SLICE_X90Y51.C2      net (fanout=42)       0.580   XLXI_2/sw_temp[15]_SW[15]_not_equal_100_o
    SLICE_X90Y51.C       Tilo                  0.043   XLXI_2/_n0243_inv1_cepot_cepot
                                                       XLXI_2/_n0243_inv1_cepot_cepot_INV_0
    SLICE_X46Y47.CE      net (fanout=6)        1.436   XLXI_2/_n0243_inv1_cepot_cepot
    SLICE_X46Y47.CLK     Tceck                 0.178   CR_OBUF
                                                       XLXI_2/CR
    -------------------------------------------------  ---------------------------
    Total                                      3.488ns (0.938ns logic, 2.550ns route)
                                                       (26.9% logic, 73.1% route)

--------------------------------------------------------------------------------

Paths for end point XLXI_2/CR (SLICE_X46Y47.A2), 23 paths
--------------------------------------------------------------------------------
Slack (setup path):     6.458ns (requirement - (data path - clock path skew + uncertainty))
  Source:               XLXI_2/counter1_16 (FF)
  Destination:          XLXI_2/CR (FF)
  Requirement:          10.000ns
  Data Path Delay:      3.339ns (Levels of Logic = 3)
  Clock Path Skew:      -0.168ns (0.997 - 1.165)
  Source Clock:         clk_100mhz_BUFGP rising at 0.000ns
  Destination Clock:    clk_100mhz_BUFGP rising at 10.000ns
  Clock Uncertainty:    0.035ns

  Clock Uncertainty:          0.035ns  ((TSJ^2 + TIJ^2)^1/2 + DJ) / 2 + PE
    Total System Jitter (TSJ):  0.070ns
    Total Input Jitter (TIJ):   0.000ns
    Discrete Jitter (DJ):       0.000ns
    Phase Error (PE):           0.000ns

  Maximum Data Path at Slow Process Corner: XLXI_2/counter1_16 to XLXI_2/CR
    Location             Delay type         Delay(ns)  Physical Resource
                                                       Logical Resource(s)
    -------------------------------------------------  -------------------
    SLICE_X94Y42.AQ      Tcko                  0.259   XLXI_2/counter1<19>
                                                       XLXI_2/counter1_16
    SLICE_X95Y41.B2      net (fanout=2)        0.443   XLXI_2/counter1<16>
    SLICE_X95Y41.COUT    Topcyb                0.310   XLXI_2/Mcompar_counter1[31]_GND_1_o_LessThan_102_o_cy<3>
                                                       XLXI_2/Mcompar_counter1[31]_GND_1_o_LessThan_102_o_lut<1>
                                                       XLXI_2/Mcompar_counter1[31]_GND_1_o_LessThan_102_o_cy<3>
    SLICE_X95Y42.CIN     net (fanout=1)        0.000   XLXI_2/Mcompar_counter1[31]_GND_1_o_LessThan_102_o_cy<3>
    SLICE_X95Y42.AMUX    Tcina                 0.227   XLXI_2/counter1<12>
                                                       XLXI_2/Mcompar_counter1[31]_GND_1_o_LessThan_102_o_cy<4>_inv1_cy
    SLICE_X46Y47.A2      net (fanout=70)       2.121   XLXI_2/Mcompar_counter1[31]_GND_1_o_LessThan_102_o_cy<4>
    SLICE_X46Y47.CLK     Tas                  -0.021   CR_OBUF
                                                       XLXI_2/CR_dpot1
                                                       XLXI_2/CR
    -------------------------------------------------  ---------------------------
    Total                                      3.339ns (0.775ns logic, 2.564ns route)
                                                       (23.2% logic, 76.8% route)

--------------------------------------------------------------------------------
Slack (setup path):     6.464ns (requirement - (data path - clock path skew + uncertainty))
  Source:               XLXI_2/counter1_9 (FF)
  Destination:          XLXI_2/CR (FF)
  Requirement:          10.000ns
  Data Path Delay:      3.334ns (Levels of Logic = 3)
  Clock Path Skew:      -0.167ns (0.997 - 1.164)
  Source Clock:         clk_100mhz_BUFGP rising at 0.000ns
  Destination Clock:    clk_100mhz_BUFGP rising at 10.000ns
  Clock Uncertainty:    0.035ns

  Clock Uncertainty:          0.035ns  ((TSJ^2 + TIJ^2)^1/2 + DJ) / 2 + PE
    Total System Jitter (TSJ):  0.070ns
    Total Input Jitter (TIJ):   0.000ns
    Discrete Jitter (DJ):       0.000ns
    Phase Error (PE):           0.000ns

  Maximum Data Path at Slow Process Corner: XLXI_2/counter1_9 to XLXI_2/CR
    Location             Delay type         Delay(ns)  Physical Resource
                                                       Logical Resource(s)
    -------------------------------------------------  -------------------
    SLICE_X95Y40.BQ      Tcko                  0.223   XLXI_2/counter1<11>
                                                       XLXI_2/counter1_9
    SLICE_X95Y41.A3      net (fanout=3)        0.482   XLXI_2/counter1<9>
    SLICE_X95Y41.COUT    Topcya                0.302   XLXI_2/Mcompar_counter1[31]_GND_1_o_LessThan_102_o_cy<3>
                                                       XLXI_2/Mcompar_counter1[31]_GND_1_o_LessThan_102_o_lut<0>
                                                       XLXI_2/Mcompar_counter1[31]_GND_1_o_LessThan_102_o_cy<3>
    SLICE_X95Y42.CIN     net (fanout=1)        0.000   XLXI_2/Mcompar_counter1[31]_GND_1_o_LessThan_102_o_cy<3>
    SLICE_X95Y42.AMUX    Tcina                 0.227   XLXI_2/counter1<12>
                                                       XLXI_2/Mcompar_counter1[31]_GND_1_o_LessThan_102_o_cy<4>_inv1_cy
    SLICE_X46Y47.A2      net (fanout=70)       2.121   XLXI_2/Mcompar_counter1[31]_GND_1_o_LessThan_102_o_cy<4>
    SLICE_X46Y47.CLK     Tas                  -0.021   CR_OBUF
                                                       XLXI_2/CR_dpot1
                                                       XLXI_2/CR
    -------------------------------------------------  ---------------------------
    Total                                      3.334ns (0.731ns logic, 2.603ns route)
                                                       (21.9% logic, 78.1% route)

--------------------------------------------------------------------------------
Slack (setup path):     6.477ns (requirement - (data path - clock path skew + uncertainty))
  Source:               XLXI_2/counter1_9 (FF)
  Destination:          XLXI_2/CR (FF)
  Requirement:          10.000ns
  Data Path Delay:      3.321ns (Levels of Logic = 3)
  Clock Path Skew:      -0.167ns (0.997 - 1.164)
  Source Clock:         clk_100mhz_BUFGP rising at 0.000ns
  Destination Clock:    clk_100mhz_BUFGP rising at 10.000ns
  Clock Uncertainty:    0.035ns

  Clock Uncertainty:          0.035ns  ((TSJ^2 + TIJ^2)^1/2 + DJ) / 2 + PE
    Total System Jitter (TSJ):  0.070ns
    Total Input Jitter (TIJ):   0.000ns
    Discrete Jitter (DJ):       0.000ns
    Phase Error (PE):           0.000ns

  Maximum Data Path at Slow Process Corner: XLXI_2/counter1_9 to XLXI_2/CR
    Location             Delay type         Delay(ns)  Physical Resource
                                                       Logical Resource(s)
    -------------------------------------------------  -------------------
    SLICE_X95Y40.BQ      Tcko                  0.223   XLXI_2/counter1<11>
                                                       XLXI_2/counter1_9
    SLICE_X95Y41.A3      net (fanout=3)        0.482   XLXI_2/counter1<9>
    SLICE_X95Y41.COUT    Topcya                0.289   XLXI_2/Mcompar_counter1[31]_GND_1_o_LessThan_102_o_cy<3>
                                                       XLXI_2/Mcompar_counter1[31]_GND_1_o_LessThan_102_o_lutdi
                                                       XLXI_2/Mcompar_counter1[31]_GND_1_o_LessThan_102_o_cy<3>
    SLICE_X95Y42.CIN     net (fanout=1)        0.000   XLXI_2/Mcompar_counter1[31]_GND_1_o_LessThan_102_o_cy<3>
    SLICE_X95Y42.AMUX    Tcina                 0.227   XLXI_2/counter1<12>
                                                       XLXI_2/Mcompar_counter1[31]_GND_1_o_LessThan_102_o_cy<4>_inv1_cy
    SLICE_X46Y47.A2      net (fanout=70)       2.121   XLXI_2/Mcompar_counter1[31]_GND_1_o_LessThan_102_o_cy<4>
    SLICE_X46Y47.CLK     Tas                  -0.021   CR_OBUF
                                                       XLXI_2/CR_dpot1
                                                       XLXI_2/CR
    -------------------------------------------------  ---------------------------
    Total                                      3.321ns (0.718ns logic, 2.603ns route)
                                                       (21.6% logic, 78.4% route)

--------------------------------------------------------------------------------

Paths for end point XLXI_3/clkdiv_24 (SLICE_X50Y69.SR), 1 path
--------------------------------------------------------------------------------
Slack (setup path):     6.697ns (requirement - (data path - clock path skew + uncertainty))
  Source:               XLXI_2/rst (FF)
  Destination:          XLXI_3/clkdiv_24 (FF)
  Requirement:          10.000ns
  Data Path Delay:      2.920ns (Levels of Logic = 0)
  Clock Path Skew:      -0.348ns (0.982 - 1.330)
  Source Clock:         clk_100mhz_BUFGP rising at 0.000ns
  Destination Clock:    clk_100mhz_BUFGP rising at 10.000ns
  Clock Uncertainty:    0.035ns

  Clock Uncertainty:          0.035ns  ((TSJ^2 + TIJ^2)^1/2 + DJ) / 2 + PE
    Total System Jitter (TSJ):  0.070ns
    Total Input Jitter (TIJ):   0.000ns
    Discrete Jitter (DJ):       0.000ns
    Phase Error (PE):           0.000ns

  Maximum Data Path at Slow Process Corner: XLXI_2/rst to XLXI_3/clkdiv_24
    Location             Delay type         Delay(ns)  Physical Resource
                                                       Logical Resource(s)
    -------------------------------------------------  -------------------
    SLICE_X99Y33.AQ      Tcko                  0.223   XLXI_2/rst_counter<26>
                                                       XLXI_2/rst
    SLICE_X50Y69.SR      net (fanout=322)      2.543   XLXN_274
    SLICE_X50Y69.CLK     Trck                  0.154   XLXI_3/clkdiv<27>
                                                       XLXI_3/clkdiv_24
    -------------------------------------------------  ---------------------------
    Total                                      2.920ns (0.377ns logic, 2.543ns route)
                                                       (12.9% logic, 87.1% route)

--------------------------------------------------------------------------------

Hold Paths: TS_CLK_100M = PERIOD TIMEGRP "TM_CLK" 10 ns HIGH 50%;
--------------------------------------------------------------------------------

Paths for end point XLXI_6/P7SEG/state_FSM_FFd1 (SLICE_X46Y71.A6), 1 path
--------------------------------------------------------------------------------
Slack (hold path):      0.101ns (requirement - (clock path skew + uncertainty - data path))
  Source:               XLXI_6/P7SEG/Go_1 (FF)
  Destination:          XLXI_6/P7SEG/state_FSM_FFd1 (FF)
  Requirement:          0.000ns
  Data Path Delay:      0.112ns (Levels of Logic = 1)
  Clock Path Skew:      0.011ns (0.063 - 0.052)
  Source Clock:         clk_100mhz_BUFGP rising at 10.000ns
  Destination Clock:    clk_100mhz_BUFGP rising at 10.000ns
  Clock Uncertainty:    0.000ns

  Minimum Data Path at Fast Process Corner: XLXI_6/P7SEG/Go_1 to XLXI_6/P7SEG/state_FSM_FFd1
    Location             Delay type         Delay(ns)  Physical Resource
                                                       Logical Resource(s)
    -------------------------------------------------  -------------------
    SLICE_X47Y71.CQ      Tcko                  0.100   XLXI_6/P7SEG/Go<1>
                                                       XLXI_6/P7SEG/Go_1
    SLICE_X46Y71.A6      net (fanout=4)        0.071   XLXI_6/P7SEG/Go<1>
    SLICE_X46Y71.CLK     Tah         (-Th)     0.059   XLXI_6/P7SEG/state_FSM_FFd1
                                                       XLXI_6/P7SEG/state_FSM_FFd1-In1
                                                       XLXI_6/P7SEG/state_FSM_FFd1
    -------------------------------------------------  ---------------------------
    Total                                      0.112ns (0.041ns logic, 0.071ns route)
                                                       (36.6% logic, 63.4% route)

--------------------------------------------------------------------------------

Paths for end point XLXI_6/P7SEG/sh_clk (SLICE_X46Y78.A6), 1 path
--------------------------------------------------------------------------------
Slack (hold path):      0.138ns (requirement - (clock path skew + uncertainty - data path))
  Source:               XLXI_6/P7SEG/sh_clk_1 (FF)
  Destination:          XLXI_6/P7SEG/sh_clk (FF)
  Requirement:          0.000ns
  Data Path Delay:      0.138ns (Levels of Logic = 1)
  Clock Path Skew:      0.000ns
  Source Clock:         clk_100mhz_BUFGP rising at 10.000ns
  Destination Clock:    clk_100mhz_BUFGP rising at 10.000ns
  Clock Uncertainty:    0.000ns

  Minimum Data Path at Fast Process Corner: XLXI_6/P7SEG/sh_clk_1 to XLXI_6/P7SEG/sh_clk
    Location             Delay type         Delay(ns)  Physical Resource
                                                       Logical Resource(s)
    -------------------------------------------------  -------------------
    SLICE_X46Y78.AMUX    Tshcko                0.143   XLXI_6/P7SEG/sh_clk
                                                       XLXI_6/P7SEG/sh_clk_1
    SLICE_X46Y78.A6      net (fanout=1)        0.054   XLXI_6/P7SEG/sh_clk_1
    SLICE_X46Y78.CLK     Tah         (-Th)     0.059   XLXI_6/P7SEG/sh_clk
                                                       XLXI_6/P7SEG/state[1]_GND_13_o_Select_19_o1
                                                       XLXI_6/P7SEG/sh_clk
    -------------------------------------------------  ---------------------------
    Total                                      0.138ns (0.084ns logic, 0.054ns route)
                                                       (60.9% logic, 39.1% route)

--------------------------------------------------------------------------------

Paths for end point XLXI_6/P7SEG/S_0 (SLICE_X47Y70.A6), 1 path
--------------------------------------------------------------------------------
Slack (hold path):      0.149ns (requirement - (clock path skew + uncertainty - data path))
  Source:               XLXI_6/P7SEG/S_0_1 (FF)
  Destination:          XLXI_6/P7SEG/S_0 (FF)
  Requirement:          0.000ns
  Data Path Delay:      0.149ns (Levels of Logic = 1)
  Clock Path Skew:      0.000ns
  Source Clock:         clk_100mhz_BUFGP rising at 10.000ns
  Destination Clock:    clk_100mhz_BUFGP rising at 10.000ns
  Clock Uncertainty:    0.000ns

  Minimum Data Path at Fast Process Corner: XLXI_6/P7SEG/S_0_1 to XLXI_6/P7SEG/S_0
    Location             Delay type         Delay(ns)  Physical Resource
                                                       Logical Resource(s)
    -------------------------------------------------  -------------------
    SLICE_X47Y70.AMUX    Tshcko                0.129   XLXI_6/P7SEG/S<1>
                                                       XLXI_6/P7SEG/S_0_1
    SLICE_X47Y70.A6      net (fanout=1)        0.052   XLXI_6/P7SEG/S_0_1
    SLICE_X47Y70.CLK     Tah         (-Th)     0.032   XLXI_6/P7SEG/S<1>
                                                       XLXI_6/P7SEG/state[1]_PWR_13_o_select_17_OUT<0>1
                                                       XLXI_6/P7SEG/S_0
    -------------------------------------------------  ---------------------------
    Total                                      0.149ns (0.097ns logic, 0.052ns route)
                                                       (65.1% logic, 34.9% route)

--------------------------------------------------------------------------------

Component Switching Limit Checks: TS_CLK_100M = PERIOD TIMEGRP "TM_CLK" 10 ns HIGH 50%;
--------------------------------------------------------------------------------
Slack: 8.161ns (period - min period limit)
  Period: 10.000ns
  Min period limit: 1.839ns (543.774MHz) (Trper_CLKA)
  Physical resource: XLXI_13/U0/xst_blk_mem_generator/gnativebmg.native_blk_mem_gen/valid.cstr/ramloop[0].ram.r/v6_init.ram/NO_BMM_INFO.SP.SIMPLE_PRIM36.ram/CLKARDCLKL
  Logical resource: XLXI_13/U0/xst_blk_mem_generator/gnativebmg.native_blk_mem_gen/valid.cstr/ramloop[0].ram.r/v6_init.ram/NO_BMM_INFO.SP.SIMPLE_PRIM36.ram/CLKARDCLKL
  Location pin: RAMB36_X3Y9.CLKARDCLKL
  Clock network: clk_100mhz_BUFGP
--------------------------------------------------------------------------------
Slack: 8.161ns (period - min period limit)
  Period: 10.000ns
  Min period limit: 1.839ns (543.774MHz) (Trper_CLKA)
  Physical resource: XLXI_13/U0/xst_blk_mem_generator/gnativebmg.native_blk_mem_gen/valid.cstr/ramloop[0].ram.r/v6_init.ram/NO_BMM_INFO.SP.SIMPLE_PRIM36.ram/CLKARDCLKU
  Logical resource: XLXI_13/U0/xst_blk_mem_generator/gnativebmg.native_blk_mem_gen/valid.cstr/ramloop[0].ram.r/v6_init.ram/NO_BMM_INFO.SP.SIMPLE_PRIM36.ram/CLKARDCLKU
  Location pin: RAMB36_X3Y9.CLKARDCLKU
  Clock network: clk_100mhz_BUFGP
--------------------------------------------------------------------------------
Slack: 8.161ns (period - min period limit)
  Period: 10.000ns
  Min period limit: 1.839ns (543.774MHz) (Trper_CLKB)
  Physical resource: XLXI_13/U0/xst_blk_mem_generator/gnativebmg.native_blk_mem_gen/valid.cstr/ramloop[0].ram.r/v6_init.ram/NO_BMM_INFO.SP.SIMPLE_PRIM36.ram/CLKBWRCLKL
  Logical resource: XLXI_13/U0/xst_blk_mem_generator/gnativebmg.native_blk_mem_gen/valid.cstr/ramloop[0].ram.r/v6_init.ram/NO_BMM_INFO.SP.SIMPLE_PRIM36.ram/CLKBWRCLKL
  Location pin: RAMB36_X3Y9.CLKBWRCLKL
  Clock network: clk_100mhz_BUFGP
--------------------------------------------------------------------------------


All constraints were met.


Data Sheet report:
-----------------
All values displayed in nanoseconds (ns)

Clock to Setup on destination clock clk_100mhz
---------------+---------+---------+---------+---------+
               | Src:Rise| Src:Fall| Src:Rise| Src:Fall|
Source Clock   |Dest:Rise|Dest:Rise|Dest:Fall|Dest:Fall|
---------------+---------+---------+---------+---------+
clk_100mhz     |    3.597|         |         |         |
---------------+---------+---------+---------+---------+


Timing summary:
---------------

Timing errors: 0  Score: 0  (Setup/Max: 0, Hold: 0)

Constraints cover 5096 paths, 0 nets, and 642 connections

Design statistics:
   Minimum period:   3.597ns{1}   (Maximum frequency: 278.009MHz)


------------------------------------Footnotes-----------------------------------
1)  The minimum period statistic assumes all single cycle delays.

Analysis completed Tue May 16 20:50:35 2017 
--------------------------------------------------------------------------------

Trace Settings:
-------------------------
Trace Settings 

Peak Memory Usage: 790 MB



