--------------------------------------------------------------------------------
Release 14.4 Trace  (nt64)
Copyright (c) 1995-2012 Xilinx, Inc.  All rights reserved.

C:\Xilinx\14.4\ISE_DS\ISE\bin\nt64\unwrapped\trce.exe -intstyle ise -v 3 -s 2L
-n 3 -fastpaths -xml Framework.twx Framework.ncd -o Framework.twr Framework.pcf
-ucf OExp01.ucf

Design file:              Framework.ncd
Physical constraint file: Framework.pcf
Device,package,speed:     xc7k160t,ffg676,C,-2L (PRODUCTION 1.08 2012-12-17)
Report level:             verbose report

Environment Variable      Effect 
--------------------      ------ 
NONE                      No environment variables were set
--------------------------------------------------------------------------------

INFO:Timing:3412 - To improve timing, see the Timing Closure User Guide (UG612).
INFO:Timing:2752 - To get complete path coverage, use the unconstrained paths 
   option. All paths that are not constrained will be reported in the 
   unconstrained paths section(s) of the report.
INFO:Timing:3339 - The clock-to-out numbers in this timing report are based on 
   a 50 Ohm transmission line loading model.  For the details of this model, 
   and for more information on accounting for different loading conditions, 
   please see the device datasheet.

================================================================================
Timing constraint: TS_CLK_100M = PERIOD TIMEGRP "TM_CLK" 10 ns HIGH 50%;
For more information, see Period Analysis in the Timing Closure User Guide (UG612).

 5096 paths analyzed, 494 endpoints analyzed, 0 failing endpoints
 0 timing errors detected. (0 setup errors, 0 hold errors, 0 component switching limit errors)
 Minimum period is   3.560ns.
--------------------------------------------------------------------------------

Paths for end point XLXI_2/CR (SLICE_X43Y47.CE), 16 paths
--------------------------------------------------------------------------------
Slack (setup path):     6.440ns (requirement - (data path - clock path skew + uncertainty))
  Source:               XLXI_2/sw_temp_1 (FF)
  Destination:          XLXI_2/CR (FF)
  Requirement:          10.000ns
  Data Path Delay:      3.529ns (Levels of Logic = 3)
  Clock Path Skew:      0.004ns (1.168 - 1.164)
  Source Clock:         clk_100mhz_BUFGP rising at 0.000ns
  Destination Clock:    clk_100mhz_BUFGP rising at 10.000ns
  Clock Uncertainty:    0.035ns

  Clock Uncertainty:          0.035ns  ((TSJ^2 + TIJ^2)^1/2 + DJ) / 2 + PE
    Total System Jitter (TSJ):  0.070ns
    Total Input Jitter (TIJ):   0.000ns
    Discrete Jitter (DJ):       0.000ns
    Phase Error (PE):           0.000ns

  Maximum Data Path at Slow Process Corner: XLXI_2/sw_temp_1 to XLXI_2/CR
    Location             Delay type         Delay(ns)  Physical Resource
                                                       Logical Resource(s)
    -------------------------------------------------  -------------------
    SLICE_X90Y58.DQ      Tcko                  0.259   XLXI_2/sw_temp<1>
                                                       XLXI_2/sw_temp_1
    SLICE_X92Y54.A2      net (fanout=1)        0.689   XLXI_2/sw_temp<1>
    SLICE_X92Y54.COUT    Topcya                0.289   XLXI_2/Mcompar_sw_temp[15]_SW[15]_not_equal_100_o_cy<3>
                                                       XLXI_2/Mcompar_sw_temp[15]_SW[15]_not_equal_100_o_lut<0>
                                                       XLXI_2/Mcompar_sw_temp[15]_SW[15]_not_equal_100_o_cy<3>
    SLICE_X92Y55.CIN     net (fanout=1)        0.000   XLXI_2/Mcompar_sw_temp[15]_SW[15]_not_equal_100_o_cy<3>
    SLICE_X92Y55.BMUX    Tcinb                 0.157   XLXI_2/RSTN_temp_sw_temp[15]_OR_54_o
                                                       XLXI_2/RSTN_temp_sw_temp[15]_OR_54_o1_cy
    SLICE_X90Y52.A1      net (fanout=42)       0.645   XLXI_2/sw_temp[15]_SW[15]_not_equal_100_o
    SLICE_X90Y52.A       Tilo                  0.043   XLXI_2/_n0243_inv1_cepot_cepot
                                                       XLXI_2/_n0243_inv1_cepot_cepot_INV_0
    SLICE_X43Y47.CE      net (fanout=6)        1.246   XLXI_2/_n0243_inv1_cepot_cepot
    SLICE_X43Y47.CLK     Tceck                 0.201   CR_OBUF
                                                       XLXI_2/CR
    -------------------------------------------------  ---------------------------
    Total                                      3.529ns (0.949ns logic, 2.580ns route)
                                                       (26.9% logic, 73.1% route)

--------------------------------------------------------------------------------
Slack (setup path):     6.552ns (requirement - (data path - clock path skew + uncertainty))
  Source:               XLXI_2/sw_temp_0 (FF)
  Destination:          XLXI_2/CR (FF)
  Requirement:          10.000ns
  Data Path Delay:      3.417ns (Levels of Logic = 3)
  Clock Path Skew:      0.004ns (1.168 - 1.164)
  Source Clock:         clk_100mhz_BUFGP rising at 0.000ns
  Destination Clock:    clk_100mhz_BUFGP rising at 10.000ns
  Clock Uncertainty:    0.035ns

  Clock Uncertainty:          0.035ns  ((TSJ^2 + TIJ^2)^1/2 + DJ) / 2 + PE
    Total System Jitter (TSJ):  0.070ns
    Total Input Jitter (TIJ):   0.000ns
    Discrete Jitter (DJ):       0.000ns
    Phase Error (PE):           0.000ns

  Maximum Data Path at Slow Process Corner: XLXI_2/sw_temp_0 to XLXI_2/CR
    Location             Delay type         Delay(ns)  Physical Resource
                                                       Logical Resource(s)
    -------------------------------------------------  -------------------
    SLICE_X90Y58.BQ      Tcko                  0.259   XLXI_2/sw_temp<1>
                                                       XLXI_2/sw_temp_0
    SLICE_X92Y54.A4      net (fanout=1)        0.577   XLXI_2/sw_temp<0>
    SLICE_X92Y54.COUT    Topcya                0.289   XLXI_2/Mcompar_sw_temp[15]_SW[15]_not_equal_100_o_cy<3>
                                                       XLXI_2/Mcompar_sw_temp[15]_SW[15]_not_equal_100_o_lut<0>
                                                       XLXI_2/Mcompar_sw_temp[15]_SW[15]_not_equal_100_o_cy<3>
    SLICE_X92Y55.CIN     net (fanout=1)        0.000   XLXI_2/Mcompar_sw_temp[15]_SW[15]_not_equal_100_o_cy<3>
    SLICE_X92Y55.BMUX    Tcinb                 0.157   XLXI_2/RSTN_temp_sw_temp[15]_OR_54_o
                                                       XLXI_2/RSTN_temp_sw_temp[15]_OR_54_o1_cy
    SLICE_X90Y52.A1      net (fanout=42)       0.645   XLXI_2/sw_temp[15]_SW[15]_not_equal_100_o
    SLICE_X90Y52.A       Tilo                  0.043   XLXI_2/_n0243_inv1_cepot_cepot
                                                       XLXI_2/_n0243_inv1_cepot_cepot_INV_0
    SLICE_X43Y47.CE      net (fanout=6)        1.246   XLXI_2/_n0243_inv1_cepot_cepot
    SLICE_X43Y47.CLK     Tceck                 0.201   CR_OBUF
                                                       XLXI_2/CR
    -------------------------------------------------  ---------------------------
    Total                                      3.417ns (0.949ns logic, 2.468ns route)
                                                       (27.8% logic, 72.2% route)

--------------------------------------------------------------------------------
Slack (setup path):     6.589ns (requirement - (data path - clock path skew + uncertainty))
  Source:               XLXI_2/sw_temp_5 (FF)
  Destination:          XLXI_2/CR (FF)
  Requirement:          10.000ns
  Data Path Delay:      3.379ns (Levels of Logic = 3)
  Clock Path Skew:      0.003ns (1.168 - 1.165)
  Source Clock:         clk_100mhz_BUFGP rising at 0.000ns
  Destination Clock:    clk_100mhz_BUFGP rising at 10.000ns
  Clock Uncertainty:    0.035ns

  Clock Uncertainty:          0.035ns  ((TSJ^2 + TIJ^2)^1/2 + DJ) / 2 + PE
    Total System Jitter (TSJ):  0.070ns
    Total Input Jitter (TIJ):   0.000ns
    Discrete Jitter (DJ):       0.000ns
    Phase Error (PE):           0.000ns

  Maximum Data Path at Slow Process Corner: XLXI_2/sw_temp_5 to XLXI_2/CR
    Location             Delay type         Delay(ns)  Physical Resource
                                                       Logical Resource(s)
    -------------------------------------------------  -------------------
    SLICE_X92Y56.DQ      Tcko                  0.259   XLXI_2/sw_temp<5>
                                                       XLXI_2/sw_temp_5
    SLICE_X92Y54.B2      net (fanout=1)        0.529   XLXI_2/sw_temp<5>
    SLICE_X92Y54.COUT    Topcyb                0.299   XLXI_2/Mcompar_sw_temp[15]_SW[15]_not_equal_100_o_cy<3>
                                                       XLXI_2/Mcompar_sw_temp[15]_SW[15]_not_equal_100_o_lut<1>
                                                       XLXI_2/Mcompar_sw_temp[15]_SW[15]_not_equal_100_o_cy<3>
    SLICE_X92Y55.CIN     net (fanout=1)        0.000   XLXI_2/Mcompar_sw_temp[15]_SW[15]_not_equal_100_o_cy<3>
    SLICE_X92Y55.BMUX    Tcinb                 0.157   XLXI_2/RSTN_temp_sw_temp[15]_OR_54_o
                                                       XLXI_2/RSTN_temp_sw_temp[15]_OR_54_o1_cy
    SLICE_X90Y52.A1      net (fanout=42)       0.645   XLXI_2/sw_temp[15]_SW[15]_not_equal_100_o
    SLICE_X90Y52.A       Tilo                  0.043   XLXI_2/_n0243_inv1_cepot_cepot
                                                       XLXI_2/_n0243_inv1_cepot_cepot_INV_0
    SLICE_X43Y47.CE      net (fanout=6)        1.246   XLXI_2/_n0243_inv1_cepot_cepot
    SLICE_X43Y47.CLK     Tceck                 0.201   CR_OBUF
                                                       XLXI_2/CR
    -------------------------------------------------  ---------------------------
    Total                                      3.379ns (0.959ns logic, 2.420ns route)
                                                       (28.4% logic, 71.6% route)

--------------------------------------------------------------------------------

Paths for end point XLXI_3/clkdiv_20 (SLICE_X42Y71.SR), 1 path
--------------------------------------------------------------------------------
Slack (setup path):     6.461ns (requirement - (data path - clock path skew + uncertainty))
  Source:               XLXI_2/rst (FF)
  Destination:          XLXI_3/clkdiv_20 (FF)
  Requirement:          10.000ns
  Data Path Delay:      3.160ns (Levels of Logic = 0)
  Clock Path Skew:      -0.344ns (0.986 - 1.330)
  Source Clock:         clk_100mhz_BUFGP rising at 0.000ns
  Destination Clock:    clk_100mhz_BUFGP rising at 10.000ns
  Clock Uncertainty:    0.035ns

  Clock Uncertainty:          0.035ns  ((TSJ^2 + TIJ^2)^1/2 + DJ) / 2 + PE
    Total System Jitter (TSJ):  0.070ns
    Total Input Jitter (TIJ):   0.000ns
    Discrete Jitter (DJ):       0.000ns
    Phase Error (PE):           0.000ns

  Maximum Data Path at Slow Process Corner: XLXI_2/rst to XLXI_3/clkdiv_20
    Location             Delay type         Delay(ns)  Physical Resource
                                                       Logical Resource(s)
    -------------------------------------------------  -------------------
    SLICE_X99Y33.DQ      Tcko                  0.223   XLXN_274
                                                       XLXI_2/rst
    SLICE_X42Y71.SR      net (fanout=201)      2.783   XLXN_274
    SLICE_X42Y71.CLK     Trck                  0.154   XLXI_3/clkdiv<23>
                                                       XLXI_3/clkdiv_20
    -------------------------------------------------  ---------------------------
    Total                                      3.160ns (0.377ns logic, 2.783ns route)
                                                       (11.9% logic, 88.1% route)

--------------------------------------------------------------------------------

Paths for end point XLXI_3/clkdiv_21 (SLICE_X42Y71.SR), 1 path
--------------------------------------------------------------------------------
Slack (setup path):     6.461ns (requirement - (data path - clock path skew + uncertainty))
  Source:               XLXI_2/rst (FF)
  Destination:          XLXI_3/clkdiv_21 (FF)
  Requirement:          10.000ns
  Data Path Delay:      3.160ns (Levels of Logic = 0)
  Clock Path Skew:      -0.344ns (0.986 - 1.330)
  Source Clock:         clk_100mhz_BUFGP rising at 0.000ns
  Destination Clock:    clk_100mhz_BUFGP rising at 10.000ns
  Clock Uncertainty:    0.035ns

  Clock Uncertainty:          0.035ns  ((TSJ^2 + TIJ^2)^1/2 + DJ) / 2 + PE
    Total System Jitter (TSJ):  0.070ns
    Total Input Jitter (TIJ):   0.000ns
    Discrete Jitter (DJ):       0.000ns
    Phase Error (PE):           0.000ns

  Maximum Data Path at Slow Process Corner: XLXI_2/rst to XLXI_3/clkdiv_21
    Location             Delay type         Delay(ns)  Physical Resource
                                                       Logical Resource(s)
    -------------------------------------------------  -------------------
    SLICE_X99Y33.DQ      Tcko                  0.223   XLXN_274
                                                       XLXI_2/rst
    SLICE_X42Y71.SR      net (fanout=201)      2.783   XLXN_274
    SLICE_X42Y71.CLK     Trck                  0.154   XLXI_3/clkdiv<23>
                                                       XLXI_3/clkdiv_21
    -------------------------------------------------  ---------------------------
    Total                                      3.160ns (0.377ns logic, 2.783ns route)
                                                       (11.9% logic, 88.1% route)

--------------------------------------------------------------------------------

Hold Paths: TS_CLK_100M = PERIOD TIMEGRP "TM_CLK" 10 ns HIGH 50%;
--------------------------------------------------------------------------------

Paths for end point XLXI_6/P7SEG/S_0 (SLICE_X37Y72.B6), 1 path
--------------------------------------------------------------------------------
Slack (hold path):      0.148ns (requirement - (clock path skew + uncertainty - data path))
  Source:               XLXI_6/P7SEG/S_0_1 (FF)
  Destination:          XLXI_6/P7SEG/S_0 (FF)
  Requirement:          0.000ns
  Data Path Delay:      0.148ns (Levels of Logic = 1)
  Clock Path Skew:      0.000ns
  Source Clock:         clk_100mhz_BUFGP rising at 10.000ns
  Destination Clock:    clk_100mhz_BUFGP rising at 10.000ns
  Clock Uncertainty:    0.000ns

  Minimum Data Path at Fast Process Corner: XLXI_6/P7SEG/S_0_1 to XLXI_6/P7SEG/S_0
    Location             Delay type         Delay(ns)  Physical Resource
                                                       Logical Resource(s)
    -------------------------------------------------  -------------------
    SLICE_X37Y72.AMUX    Tshcko                0.129   XLXI_6/P7SEG/state_FSM_FFd1
                                                       XLXI_6/P7SEG/S_0_1
    SLICE_X37Y72.B6      net (fanout=1)        0.051   XLXI_6/P7SEG/S_0_1
    SLICE_X37Y72.CLK     Tah         (-Th)     0.032   XLXI_6/P7SEG/state_FSM_FFd1
                                                       XLXI_6/P7SEG/state[1]_PWR_13_o_select_17_OUT<0>1
                                                       XLXI_6/P7SEG/S_0
    -------------------------------------------------  ---------------------------
    Total                                      0.148ns (0.097ns logic, 0.051ns route)
                                                       (65.5% logic, 34.5% route)

--------------------------------------------------------------------------------

Paths for end point XLXI_6/P7SEG/EN (SLICE_X36Y72.A6), 1 path
--------------------------------------------------------------------------------
Slack (hold path):      0.183ns (requirement - (clock path skew + uncertainty - data path))
  Source:               XLXI_6/P7SEG/Go_1 (FF)
  Destination:          XLXI_6/P7SEG/EN (FF)
  Requirement:          0.000ns
  Data Path Delay:      0.213ns (Levels of Logic = 1)
  Clock Path Skew:      0.030ns (0.317 - 0.287)
  Source Clock:         clk_100mhz_BUFGP rising at 10.000ns
  Destination Clock:    clk_100mhz_BUFGP rising at 10.000ns
  Clock Uncertainty:    0.000ns

  Minimum Data Path at Fast Process Corner: XLXI_6/P7SEG/Go_1 to XLXI_6/P7SEG/EN
    Location             Delay type         Delay(ns)  Physical Resource
                                                       Logical Resource(s)
    -------------------------------------------------  -------------------
    SLICE_X38Y72.BQ      Tcko                  0.118   XLXI_6/P7SEG/Go<1>
                                                       XLXI_6/P7SEG/Go_1
    SLICE_X36Y72.A6      net (fanout=4)        0.127   XLXI_6/P7SEG/Go<1>
    SLICE_X36Y72.CLK     Tah         (-Th)     0.032   SEGEN_OBUF
                                                       XLXI_6/P7SEG/state[1]_Go[1]_Select_16_o1
                                                       XLXI_6/P7SEG/EN
    -------------------------------------------------  ---------------------------
    Total                                      0.213ns (0.086ns logic, 0.127ns route)
                                                       (40.4% logic, 59.6% route)

--------------------------------------------------------------------------------

Paths for end point XLXI_6/P7SEG/state_FSM_FFd1 (SLICE_X37Y72.D6), 1 path
--------------------------------------------------------------------------------
Slack (hold path):      0.184ns (requirement - (clock path skew + uncertainty - data path))
  Source:               XLXI_6/P7SEG/Go_0 (FF)
  Destination:          XLXI_6/P7SEG/state_FSM_FFd1 (FF)
  Requirement:          0.000ns
  Data Path Delay:      0.214ns (Levels of Logic = 1)
  Clock Path Skew:      0.030ns (0.317 - 0.287)
  Source Clock:         clk_100mhz_BUFGP rising at 10.000ns
  Destination Clock:    clk_100mhz_BUFGP rising at 10.000ns
  Clock Uncertainty:    0.000ns

  Minimum Data Path at Fast Process Corner: XLXI_6/P7SEG/Go_0 to XLXI_6/P7SEG/state_FSM_FFd1
    Location             Delay type         Delay(ns)  Physical Resource
                                                       Logical Resource(s)
    -------------------------------------------------  -------------------
    SLICE_X38Y72.AQ      Tcko                  0.118   XLXI_6/P7SEG/Go<1>
                                                       XLXI_6/P7SEG/Go_0
    SLICE_X37Y72.D6      net (fanout=5)        0.129   XLXI_6/P7SEG/Go<0>
    SLICE_X37Y72.CLK     Tah         (-Th)     0.033   XLXI_6/P7SEG/state_FSM_FFd1
                                                       XLXI_6/P7SEG/state_FSM_FFd1-In1
                                                       XLXI_6/P7SEG/state_FSM_FFd1
    -------------------------------------------------  ---------------------------
    Total                                      0.214ns (0.085ns logic, 0.129ns route)
                                                       (39.7% logic, 60.3% route)

--------------------------------------------------------------------------------

Component Switching Limit Checks: TS_CLK_100M = PERIOD TIMEGRP "TM_CLK" 10 ns HIGH 50%;
--------------------------------------------------------------------------------
Slack: 8.161ns (period - min period limit)
  Period: 10.000ns
  Min period limit: 1.839ns (543.774MHz) (Trper_CLKA)
  Physical resource: XLXI_13/U0/xst_blk_mem_generator/gnativebmg.native_blk_mem_gen/valid.cstr/ramloop[0].ram.r/v6_init.ram/NO_BMM_INFO.SP.SIMPLE_PRIM36.ram/CLKARDCLKL
  Logical resource: XLXI_13/U0/xst_blk_mem_generator/gnativebmg.native_blk_mem_gen/valid.cstr/ramloop[0].ram.r/v6_init.ram/NO_BMM_INFO.SP.SIMPLE_PRIM36.ram/CLKARDCLKL
  Location pin: RAMB36_X2Y9.CLKARDCLKL
  Clock network: clk_100mhz_BUFGP
--------------------------------------------------------------------------------
Slack: 8.161ns (period - min period limit)
  Period: 10.000ns
  Min period limit: 1.839ns (543.774MHz) (Trper_CLKA)
  Physical resource: XLXI_13/U0/xst_blk_mem_generator/gnativebmg.native_blk_mem_gen/valid.cstr/ramloop[0].ram.r/v6_init.ram/NO_BMM_INFO.SP.SIMPLE_PRIM36.ram/CLKARDCLKU
  Logical resource: XLXI_13/U0/xst_blk_mem_generator/gnativebmg.native_blk_mem_gen/valid.cstr/ramloop[0].ram.r/v6_init.ram/NO_BMM_INFO.SP.SIMPLE_PRIM36.ram/CLKARDCLKU
  Location pin: RAMB36_X2Y9.CLKARDCLKU
  Clock network: clk_100mhz_BUFGP
--------------------------------------------------------------------------------
Slack: 8.161ns (period - min period limit)
  Period: 10.000ns
  Min period limit: 1.839ns (543.774MHz) (Trper_CLKB)
  Physical resource: XLXI_13/U0/xst_blk_mem_generator/gnativebmg.native_blk_mem_gen/valid.cstr/ramloop[0].ram.r/v6_init.ram/NO_BMM_INFO.SP.SIMPLE_PRIM36.ram/CLKBWRCLKL
  Logical resource: XLXI_13/U0/xst_blk_mem_generator/gnativebmg.native_blk_mem_gen/valid.cstr/ramloop[0].ram.r/v6_init.ram/NO_BMM_INFO.SP.SIMPLE_PRIM36.ram/CLKBWRCLKL
  Location pin: RAMB36_X2Y9.CLKBWRCLKL
  Clock network: clk_100mhz_BUFGP
--------------------------------------------------------------------------------


All constraints were met.


Data Sheet report:
-----------------
All values displayed in nanoseconds (ns)

Clock to Setup on destination clock clk_100mhz
---------------+---------+---------+---------+---------+
               | Src:Rise| Src:Fall| Src:Rise| Src:Fall|
Source Clock   |Dest:Rise|Dest:Rise|Dest:Fall|Dest:Fall|
---------------+---------+---------+---------+---------+
clk_100mhz     |    3.560|         |         |         |
---------------+---------+---------+---------+---------+


Timing summary:
---------------

Timing errors: 0  Score: 0  (Setup/Max: 0, Hold: 0)

Constraints cover 5096 paths, 0 nets, and 642 connections

Design statistics:
   Minimum period:   3.560ns{1}   (Maximum frequency: 280.899MHz)


------------------------------------Footnotes-----------------------------------
1)  The minimum period statistic assumes all single cycle delays.

Analysis completed Tue May 02 20:07:01 2017 
--------------------------------------------------------------------------------

Trace Settings:
-------------------------
Trace Settings 

Peak Memory Usage: 787 MB



